#
# There is insufficient memory for the Java Runtime Environment to continue.
# Native memory allocation (malloc) failed to allocate 1220576 bytes. Error detail: Chunk::new
# Possible reasons:
#   The system is out of physical RAM or swap space
#   This process is running with CompressedOops enabled, and the Java Heap may be blocking the growth of the native heap
# Possible solutions:
#   Reduce memory load on the system
#   Increase physical memory or swap space
#   Check if swap backing store is full
#   Decrease Java heap size (-Xmx/-Xms)
#   Decrease number of Java threads
#   Decrease Java thread stack sizes (-Xss)
#   Set larger code cache with -XX:ReservedCodeCacheSize=
#   JVM is running with Unscaled Compressed Oops mode in which the Java heap is
#     placed in the first 4GB address space. The Java Heap base address is the
#     maximum limit for the native heap growth. Please use -XX:HeapBaseMinAddress
#     to set the Java Heap base and to place the Java Heap above 4GB virtual address.
# This output file may be truncated or incomplete.
#
#  Out of Memory Error (arena.cpp:168), pid=53184, tid=51080
#
# JRE version: OpenJDK Runtime Environment Temurin-21.0.6+7 (21.0.6+7) (build 21.0.6+7-LTS)
# Java VM: OpenJDK 64-Bit Server VM Temurin-21.0.6+7 (21.0.6+7-LTS, mixed mode, sharing, tiered, compressed oops, compressed class ptrs, parallel gc, windows-amd64)
# No core dump will be written. Minidumps are not enabled by default on client versions of Windows
#

---------------  S U M M A R Y ------------

Command Line: --add-modules=ALL-SYSTEM --add-opens=java.base/java.util=ALL-UNNAMED --add-opens=java.base/java.lang=ALL-UNNAMED --add-opens=java.base/sun.nio.fs=ALL-UNNAMED -Declipse.application=org.eclipse.jdt.ls.core.id1 -Dosgi.bundles.defaultStartLevel=4 -Declipse.product=org.eclipse.jdt.ls.core.product -Djava.import.generatesMetadataFilesAtProjectRoot=false -DDetectVMInstallationsJob.disabled=true -Dfile.encoding=utf8 -XX:+UseParallelGC -XX:GCTimeRatio=4 -XX:AdaptiveSizePolicyWeight=90 -Dsun.zip.disableMemoryMapping=true -Xmx1G -Xms100m -Xlog:disable -javaagent:c:\Users\Thomas Danjo\.cursor\extensions\redhat.java-1.41.1-win32-x64\lombok\lombok-1.18.36.jar -XX:+HeapDumpOnOutOfMemoryError -XX:HeapDumpPath=c:\Users\Thomas Danjo\AppData\Roaming\Cursor\User\workspaceStorage\52c848ca1aecd90809babdf7ffd07d42\redhat.java -Daether.dependencyCollector.impl=bf c:\Users\Thomas Danjo\.cursor\extensions\redhat.java-1.41.1-win32-x64\server\plugins\org.eclipse.equinox.launcher_1.7.0.v20250331-1702.jar -configuration c:\Users\Thomas Danjo\AppData\Roaming\Cursor\User\globalStorage\redhat.java\1.41.1\config_win -data c:\Users\Thomas Danjo\AppData\Roaming\Cursor\User\workspaceStorage\52c848ca1aecd90809babdf7ffd07d42\redhat.java\jdt_ws --pipe=\\.\pipe\lsp-c929840763b6e6ea4eeaeacae29f1280-sock

Host: 13th Gen Intel(R) Core(TM) i7-13700HX, 24 cores, 15G,  Windows 11 , 64 bit Build 22621 (10.0.22621.3958)
Time: Fri May  2 23:56:10 2025 Malay Peninsula Standard Time elapsed time: 5.193340 seconds (0d 0h 0m 5s)

---------------  T H R E A D  ---------------

Current thread (0x000002ba7aa7f7c0):  JavaThread "C2 CompilerThread2" daemon [_thread_in_native, id=51080, stack(0x000000d4a8d00000,0x000000d4a8e00000) (1024K)]


Current CompileTask:
C2:5193 10159       4       org.eclipse.osgi.internal.loader.BundleLoader::addExportedProvidersFor (167 bytes)

Stack: [0x000000d4a8d00000,0x000000d4a8e00000]
Native frames: (J=compiled Java code, j=interpreted, Vv=VM code, C=native code)
V  [jvm.dll+0x6cdee9]
V  [jvm.dll+0x8a83d1]
V  [jvm.dll+0x8aa8fe]
V  [jvm.dll+0x8aafe3]
V  [jvm.dll+0x27f706]
V  [jvm.dll+0xc500d]
V  [jvm.dll+0xc5543]
V  [jvm.dll+0x3b678c]
V  [jvm.dll+0x1e0009]
V  [jvm.dll+0x247b42]
V  [jvm.dll+0x246fcf]
V  [jvm.dll+0x1c75ee]
V  [jvm.dll+0x25685a]
V  [jvm.dll+0x254dfa]
V  [jvm.dll+0x3f0256]
V  [jvm.dll+0x851f8b]
V  [jvm.dll+0x6cc5ed]
C  [ucrtbase.dll+0x29333]
C  [KERNEL32.DLL+0x1257d]
C  [ntdll.dll+0x5af08]


---------------  P R O C E S S  ---------------

Threads class SMR info:
_java_thread_list=0x000002ba4e9fbe80, length=107, elements={
0x000002ba64f86aa0, 0x000002ba6503e550, 0x000002ba79360330, 0x000002ba79366fc0,
0x000002ba79367a10, 0x000002ba79368ee0, 0x000002ba7936a280, 0x000002ba7936ba80,
0x000002ba7a8e56c0, 0x000002ba7a9c70a0, 0x000002ba7a9c9ef0, 0x000002ba7a9f0410,
0x000002ba7aa7ea20, 0x000002ba7aa7e350, 0x000002ba7a9ef6f0, 0x000002ba7aa7f7c0,
0x000002ba7aa7fe90, 0x000002ba7a9f0aa0, 0x000002ba7a9f24e0, 0x000002ba7a9efd80,
0x000002ba7a9f17c0, 0x000002ba7a9f1130, 0x000002ba7a9f1e50, 0x000002ba7a9f2b70,
0x000002ba7e564440, 0x000002ba7e565160, 0x000002ba7e569990, 0x000002ba7e5657f0,
0x000002ba7e568c70, 0x000002ba7e564ad0, 0x000002ba7e563db0, 0x000002ba7e566ba0,
0x000002ba7e565e80, 0x000002ba7e5678c0, 0x000002ba7e566510, 0x000002ba7e56a020,
0x000002ba7e567230, 0x000002ba7e567f50, 0x000002ba7e5685e0, 0x000002ba7e569300,
0x000002ba7e56a6b0, 0x000002ba7e563720, 0x000002ba7e56ad40, 0x000002ba4504c2a0,
0x000002ba4504f090, 0x000002ba45048e20, 0x000002ba4504c930, 0x000002ba4504dce0,
0x000002ba45048100, 0x000002ba4504ea00, 0x000002ba4504e370, 0x000002ba4504f720,
0x000002ba45048790, 0x000002ba4504cfc0, 0x000002ba4504d650, 0x000002ba450494b0,
0x000002ba45049b40, 0x000002ba4504a1d0, 0x000002ba4504a860, 0x000002ba4504aef0,
0x000002ba4504b580, 0x000002ba7f684750, 0x000002ba7f685470, 0x000002ba7f67f200,
0x000002ba7f6833a0, 0x000002ba7f681ff0, 0x000002ba7f6840c0, 0x000002ba7f683a30,
0x000002ba7f685b00, 0x000002ba7f67ff20, 0x000002ba7f6805b0, 0x000002ba7f680c40,
0x000002ba7f686190, 0x000002ba7f6812d0, 0x000002ba7f686820, 0x000002ba7f67f890,
0x000002ba7f681960, 0x000002ba4504bc10, 0x000002ba7e5cbf50, 0x000002ba7e5c7090,
0x000002ba7e5c9e80, 0x000002ba7e5ca510, 0x000002ba7e5c6370, 0x000002ba7e5caba0,
0x000002ba7e5c97f0, 0x000002ba7e5cb230, 0x000002ba7e5cb8c0, 0x000002ba7e5cc5e0,
0x000002ba7e5c6a00, 0x000002ba7e5c7db0, 0x000002ba7e5c8ad0, 0x000002ba7e5ccc70,
0x000002ba7e5c5ce0, 0x000002ba7e5cd300, 0x000002ba7e5c7720, 0x000002ba50e253a0,
0x000002ba50e1f7c0, 0x000002ba50e21200, 0x000002ba50e1eaa0, 0x000002ba50e1f130,
0x000002ba50e1fe50, 0x000002ba50e1e410, 0x000002ba50e225b0, 0x000002ba50e204e0,
0x000002ba50e21890, 0x000002ba50e22c40, 0x000002ba50e24680
}

Java Threads: ( => current thread )
  0x000002ba64f86aa0 JavaThread "main"                              [_thread_blocked, id=39672, stack(0x000000d4a7b00000,0x000000d4a7c00000) (1024K)]
  0x000002ba6503e550 JavaThread "Reference Handler"          daemon [_thread_blocked, id=22520, stack(0x000000d4a7f00000,0x000000d4a8000000) (1024K)]
  0x000002ba79360330 JavaThread "Finalizer"                  daemon [_thread_blocked, id=41372, stack(0x000000d4a8000000,0x000000d4a8100000) (1024K)]
  0x000002ba79366fc0 JavaThread "Signal Dispatcher"          daemon [_thread_blocked, id=1200, stack(0x000000d4a8100000,0x000000d4a8200000) (1024K)]
  0x000002ba79367a10 JavaThread "Attach Listener"            daemon [_thread_blocked, id=31116, stack(0x000000d4a8200000,0x000000d4a8300000) (1024K)]
  0x000002ba79368ee0 JavaThread "Service Thread"             daemon [_thread_blocked, id=30968, stack(0x000000d4a8300000,0x000000d4a8400000) (1024K)]
  0x000002ba7936a280 JavaThread "Monitor Deflation Thread"   daemon [_thread_blocked, id=24492, stack(0x000000d4a8400000,0x000000d4a8500000) (1024K)]
  0x000002ba7936ba80 JavaThread "C2 CompilerThread0"         daemon [_thread_blocked, id=44960, stack(0x000000d4a8500000,0x000000d4a8600000) (1024K)]
  0x000002ba7a8e56c0 JavaThread "C1 CompilerThread0"         daemon [_thread_blocked, id=10312, stack(0x000000d4a8600000,0x000000d4a8700000) (1024K)]
  0x000002ba7a9c70a0 JavaThread "C1 CompilerThread1"         daemon [_thread_blocked, id=51872, stack(0x000000d4a8700000,0x000000d4a8800000) (1024K)]
  0x000002ba7a9c9ef0 JavaThread "C1 CompilerThread2"         daemon [_thread_blocked, id=54076, stack(0x000000d4a8800000,0x000000d4a8900000) (1024K)]
  0x000002ba7a9f0410 JavaThread "Common-Cleaner"             daemon [_thread_blocked, id=47628, stack(0x000000d4a8900000,0x000000d4a8a00000) (1024K)]
  0x000002ba7aa7ea20 JavaThread "C1 CompilerThread3"         daemon [_thread_blocked, id=52740, stack(0x000000d4a8a00000,0x000000d4a8b00000) (1024K)]
  0x000002ba7aa7e350 JavaThread "C2 CompilerThread1"         daemon [_thread_blocked, id=9660, stack(0x000000d4a8b00000,0x000000d4a8c00000) (1024K)]
  0x000002ba7a9ef6f0 JavaThread "Notification Thread"        daemon [_thread_blocked, id=35496, stack(0x000000d4a8c00000,0x000000d4a8d00000) (1024K)]
=>0x000002ba7aa7f7c0 JavaThread "C2 CompilerThread2"         daemon [_thread_in_native, id=51080, stack(0x000000d4a8d00000,0x000000d4a8e00000) (1024K)]
  0x000002ba7aa7fe90 JavaThread "C2 CompilerThread3"         daemon [_thread_in_native, id=49980, stack(0x000000d4a8e00000,0x000000d4a8f00000) (1024K)]
  0x000002ba7a9f0aa0 JavaThread "Active Thread: Equinox Container: 3ea2e099-bbf5-48d9-abda-3ab02837bd62"        [_thread_blocked, id=54572, stack(0x000000d4a9500000,0x000000d4a9600000) (1024K)]
  0x000002ba7a9f24e0 JavaThread "Refresh Thread: Equinox Container: 3ea2e099-bbf5-48d9-abda-3ab02837bd62" daemon [_thread_blocked, id=56612, stack(0x000000d4a9700000,0x000000d4a9800000) (1024K)]
  0x000002ba7a9efd80 JavaThread "Framework Event Dispatcher: Equinox Container: 3ea2e099-bbf5-48d9-abda-3ab02837bd62" daemon [_thread_blocked, id=24956, stack(0x000000d4a9800000,0x000000d4a9900000) (1024K)]
  0x000002ba7a9f17c0 JavaThread "Start Level: Equinox Container: 3ea2e099-bbf5-48d9-abda-3ab02837bd62" daemon [_thread_blocked, id=48736, stack(0x000000d4a9900000,0x000000d4a9a00000) (1024K)]
  0x000002ba7a9f1130 JavaThread "Bundle File Closer"         daemon [_thread_blocked, id=56536, stack(0x000000d4a9a00000,0x000000d4a9b00000) (1024K)]
  0x000002ba7a9f1e50 JavaThread "SCR Component Actor"        daemon [_thread_blocked, id=49520, stack(0x000000d4a9e00000,0x000000d4a9f00000) (1024K)]
  0x000002ba7a9f2b70 JavaThread "SCR Component Registry"     daemon [_thread_blocked, id=49200, stack(0x000000d4a9f00000,0x000000d4aa000000) (1024K)]
  0x000002ba7e564440 JavaThread "Worker-JM"                         [_thread_blocked, id=43820, stack(0x000000d4aa200000,0x000000d4aa300000) (1024K)]
  0x000002ba7e565160 JavaThread "JNA Cleaner"                daemon [_thread_blocked, id=24228, stack(0x000000d4aa500000,0x000000d4aa600000) (1024K)]
  0x000002ba7e569990 JavaThread "Worker-0: Initialize workspace"        [_thread_blocked, id=12588, stack(0x000000d4aa600000,0x000000d4aa700000) (1024K)]
  0x000002ba7e5657f0 JavaThread "Worker-1"                          [_thread_blocked, id=59436, stack(0x000000d4aa700000,0x000000d4aa800000) (1024K)]
  0x000002ba7e568c70 JavaThread "Worker-2"                          [_thread_blocked, id=4496, stack(0x000000d4aa900000,0x000000d4aaa00000) (1024K)]
  0x000002ba7e564ad0 JavaThread "Java indexing"              daemon [_thread_blocked, id=57064, stack(0x000000d4aac00000,0x000000d4aad00000) (1024K)]
  0x000002ba7e563db0 JavaThread "Worker-3: Java indexing... "        [_thread_blocked, id=60180, stack(0x000000d4aad00000,0x000000d4aae00000) (1024K)]
  0x000002ba7e566ba0 JavaThread "Worker-4"                          [_thread_blocked, id=23776, stack(0x000000d4aae00000,0x000000d4aaf00000) (1024K)]
  0x000002ba7e565e80 JavaThread "Worker-5: Check JDK Index"         [_thread_blocked, id=41416, stack(0x000000d4aaf00000,0x000000d4ab000000) (1024K)]
  0x000002ba7e5678c0 JavaThread "Thread-2"                   daemon [_thread_in_native, id=35480, stack(0x000000d4ab000000,0x000000d4ab100000) (1024K)]
  0x000002ba7e566510 JavaThread "Thread-3"                   daemon [_thread_in_native, id=11704, stack(0x000000d4ab100000,0x000000d4ab200000) (1024K)]
  0x000002ba7e56a020 JavaThread "Thread-4"                   daemon [_thread_in_native, id=9228, stack(0x000000d4ab200000,0x000000d4ab300000) (1024K)]
  0x000002ba7e567230 JavaThread "Thread-5"                   daemon [_thread_in_native, id=29160, stack(0x000000d4ab300000,0x000000d4ab400000) (1024K)]
  0x000002ba7e567f50 JavaThread "Thread-6"                   daemon [_thread_in_native, id=48520, stack(0x000000d4ab400000,0x000000d4ab500000) (1024K)]
  0x000002ba7e5685e0 JavaThread "Thread-7"                   daemon [_thread_in_native, id=5300, stack(0x000000d4ab500000,0x000000d4ab600000) (1024K)]
  0x000002ba7e569300 JavaThread "Thread-8"                   daemon [_thread_in_native, id=44804, stack(0x000000d4ab600000,0x000000d4ab700000) (1024K)]
  0x000002ba7e56a6b0 JavaThread "Thread-9"                   daemon [_thread_in_native, id=41708, stack(0x000000d4ab700000,0x000000d4ab800000) (1024K)]
  0x000002ba7e563720 JavaThread "Thread-10"                  daemon [_thread_in_native, id=47252, stack(0x000000d4ab800000,0x000000d4ab900000) (1024K)]
  0x000002ba7e56ad40 JavaThread "Thread-11"                  daemon [_thread_in_native, id=57684, stack(0x000000d4ab900000,0x000000d4aba00000) (1024K)]
  0x000002ba4504c2a0 JavaThread "Thread-12"                  daemon [_thread_in_native, id=17548, stack(0x000000d4aba00000,0x000000d4abb00000) (1024K)]
  0x000002ba4504f090 JavaThread "Thread-13"                  daemon [_thread_in_native, id=8672, stack(0x000000d4abb00000,0x000000d4abc00000) (1024K)]
  0x000002ba45048e20 JavaThread "Thread-14"                  daemon [_thread_in_native, id=48308, stack(0x000000d4abc00000,0x000000d4abd00000) (1024K)]
  0x000002ba4504c930 JavaThread "Thread-15"                  daemon [_thread_in_native, id=44904, stack(0x000000d4abd00000,0x000000d4abe00000) (1024K)]
  0x000002ba4504dce0 JavaThread "Thread-16"                  daemon [_thread_in_native, id=54752, stack(0x000000d4abe00000,0x000000d4abf00000) (1024K)]
  0x000002ba45048100 JavaThread "Thread-17"                  daemon [_thread_in_native, id=11924, stack(0x000000d4abf00000,0x000000d4ac000000) (1024K)]
  0x000002ba4504ea00 JavaThread "Thread-18"                  daemon [_thread_in_native, id=58876, stack(0x000000d4ac000000,0x000000d4ac100000) (1024K)]
  0x000002ba4504e370 JavaThread "Thread-19"                  daemon [_thread_in_native, id=14372, stack(0x000000d4ac100000,0x000000d4ac200000) (1024K)]
  0x000002ba4504f720 JavaThread "Thread-20"                  daemon [_thread_in_native, id=46996, stack(0x000000d4ac200000,0x000000d4ac300000) (1024K)]
  0x000002ba45048790 JavaThread "Thread-21"                  daemon [_thread_in_native, id=58668, stack(0x000000d4ac300000,0x000000d4ac400000) (1024K)]
  0x000002ba4504cfc0 JavaThread "Thread-22"                  daemon [_thread_in_native, id=58432, stack(0x000000d4ac400000,0x000000d4ac500000) (1024K)]
  0x000002ba4504d650 JavaThread "Thread-23"                  daemon [_thread_in_native, id=51088, stack(0x000000d4ac500000,0x000000d4ac600000) (1024K)]
  0x000002ba450494b0 JavaThread "Thread-24"                  daemon [_thread_in_native, id=41376, stack(0x000000d4ac600000,0x000000d4ac700000) (1024K)]
  0x000002ba45049b40 JavaThread "Thread-25"                  daemon [_thread_in_native, id=42076, stack(0x000000d4ac700000,0x000000d4ac800000) (1024K)]
  0x000002ba4504a1d0 JavaThread "Thread-26"                  daemon [_thread_in_native, id=20172, stack(0x000000d4ac800000,0x000000d4ac900000) (1024K)]
  0x000002ba4504a860 JavaThread "pool-2-thread-1"                   [_thread_blocked, id=37392, stack(0x000000d4ac900000,0x000000d4aca00000) (1024K)]
  0x000002ba4504aef0 JavaThread "WorkspaceEventsHandler"            [_thread_blocked, id=30680, stack(0x000000d4aca00000,0x000000d4acb00000) (1024K)]
  0x000002ba4504b580 JavaThread "pool-1-thread-1"                   [_thread_blocked, id=29660, stack(0x000000d4acb00000,0x000000d4acc00000) (1024K)]
  0x000002ba7f684750 JavaThread "Worker-6"                          [_thread_blocked, id=13480, stack(0x000000d4acc00000,0x000000d4acd00000) (1024K)]
  0x000002ba7f685470 JavaThread "Worker-7"                          [_thread_blocked, id=15076, stack(0x000000d4acd00000,0x000000d4ace00000) (1024K)]
  0x000002ba7f67f200 JavaThread "LocalFile Deleter"          daemon [_thread_blocked, id=1952, stack(0x000000d4ace00000,0x000000d4acf00000) (1024K)]
  0x000002ba7f6833a0 JavaThread "LocalFile Deleter"          daemon [_thread_blocked, id=23936, stack(0x000000d4acf00000,0x000000d4ad000000) (1024K)]
  0x000002ba7f681ff0 JavaThread "LocalFile Deleter"          daemon [_thread_blocked, id=9988, stack(0x000000d4ad000000,0x000000d4ad100000) (1024K)]
  0x000002ba7f6840c0 JavaThread "LocalFile Deleter"          daemon [_thread_blocked, id=54104, stack(0x000000d4ad100000,0x000000d4ad200000) (1024K)]
  0x000002ba7f683a30 JavaThread "LocalFile Deleter"          daemon [_thread_blocked, id=48860, stack(0x000000d4ad200000,0x000000d4ad300000) (1024K)]
  0x000002ba7f685b00 JavaThread "LocalFile Deleter"          daemon [_thread_blocked, id=45180, stack(0x000000d4ad300000,0x000000d4ad400000) (1024K)]
  0x000002ba7f67ff20 JavaThread "LocalFile Deleter"          daemon [_thread_blocked, id=48648, stack(0x000000d4ad400000,0x000000d4ad500000) (1024K)]
  0x000002ba7f6805b0 JavaThread "LocalFile Deleter"          daemon [_thread_blocked, id=33584, stack(0x000000d4ad500000,0x000000d4ad600000) (1024K)]
  0x000002ba7f680c40 JavaThread "Compiler Source File Reader" daemon [_thread_blocked, id=9404, stack(0x000000d4ad600000,0x000000d4ad700000) (1024K)]
  0x000002ba7f686190 JavaThread "Compiler Source File Reader" daemon [_thread_blocked, id=59668, stack(0x000000d4ad700000,0x000000d4ad800000) (1024K)]
  0x000002ba7f6812d0 JavaThread "Compiler Source File Reader" daemon [_thread_blocked, id=59900, stack(0x000000d4ad800000,0x000000d4ad900000) (1024K)]
  0x000002ba7f686820 JavaThread "Compiler Source File Reader" daemon [_thread_blocked, id=51176, stack(0x000000d4ad900000,0x000000d4ada00000) (1024K)]
  0x000002ba7f67f890 JavaThread "Compiler Source File Reader" daemon [_thread_blocked, id=17812, stack(0x000000d4ada00000,0x000000d4adb00000) (1024K)]
  0x000002ba7f681960 JavaThread "Compiler Source File Reader" daemon [_thread_blocked, id=53576, stack(0x000000d4adb00000,0x000000d4adc00000) (1024K)]
  0x000002ba4504bc10 JavaThread "Compiler Source File Reader" daemon [_thread_blocked, id=9024, stack(0x000000d4adc00000,0x000000d4add00000) (1024K)]
  0x000002ba7e5cbf50 JavaThread "Compiler Source File Reader" daemon [_thread_blocked, id=28408, stack(0x000000d4add00000,0x000000d4ade00000) (1024K)]
  0x000002ba7e5c7090 JavaThread "Compiler Source File Reader" daemon [_thread_blocked, id=3504, stack(0x000000d4ade00000,0x000000d4adf00000) (1024K)]
  0x000002ba7e5c9e80 JavaThread "Compiler Source File Reader" daemon [_thread_blocked, id=28720, stack(0x000000d4adf00000,0x000000d4ae000000) (1024K)]
  0x000002ba7e5ca510 JavaThread "Compiler Source File Reader" daemon [_thread_blocked, id=43784, stack(0x000000d4ae000000,0x000000d4ae100000) (1024K)]
  0x000002ba7e5c6370 JavaThread "Compiler Processing Task"   daemon [_thread_blocked, id=5492, stack(0x000000d4ae100000,0x000000d4ae200000) (1024K)]
  0x000002ba7e5caba0 JavaThread "Compiler Class File Writer" daemon [_thread_blocked, id=22492, stack(0x000000d4ae200000,0x000000d4ae300000) (1024K)]
  0x000002ba7e5c97f0 JavaThread "Compiler Class File Writer" daemon [_thread_blocked, id=45296, stack(0x000000d4ae300000,0x000000d4ae400000) (1024K)]
  0x000002ba7e5cb230 JavaThread "Compiler Class File Writer" daemon [_thread_blocked, id=44868, stack(0x000000d4ae400000,0x000000d4ae500000) (1024K)]
  0x000002ba7e5cb8c0 JavaThread "Compiler Class File Writer" daemon [_thread_blocked, id=51004, stack(0x000000d4ae500000,0x000000d4ae600000) (1024K)]
  0x000002ba7e5cc5e0 JavaThread "Compiler Class File Writer" daemon [_thread_blocked, id=12064, stack(0x000000d4ae600000,0x000000d4ae700000) (1024K)]
  0x000002ba7e5c6a00 JavaThread "Compiler Class File Writer" daemon [_thread_blocked, id=19024, stack(0x000000d4ae700000,0x000000d4ae800000) (1024K)]
  0x000002ba7e5c7db0 JavaThread "Compiler Class File Writer" daemon [_thread_blocked, id=23620, stack(0x000000d4ae800000,0x000000d4ae900000) (1024K)]
  0x000002ba7e5c8ad0 JavaThread "Compiler Class File Writer" daemon [_thread_blocked, id=38928, stack(0x000000d4ae900000,0x000000d4aea00000) (1024K)]
  0x000002ba7e5ccc70 JavaThread "Compiler Class File Writer" daemon [_thread_blocked, id=33544, stack(0x000000d4aea00000,0x000000d4aeb00000) (1024K)]
  0x000002ba7e5c5ce0 JavaThread "Compiler Class File Writer" daemon [_thread_blocked, id=55732, stack(0x000000d4aeb00000,0x000000d4aec00000) (1024K)]
  0x000002ba7e5cd300 JavaThread "Compiler Class File Writer" daemon [_thread_blocked, id=5304, stack(0x000000d4aec00000,0x000000d4aed00000) (1024K)]
  0x000002ba7e5c7720 JavaThread "Compiler Class File Writer" daemon [_thread_blocked, id=6664, stack(0x000000d4aed00000,0x000000d4aee00000) (1024K)]
  0x000002ba50e253a0 JavaThread "Compiler Class File Writer" daemon [_thread_blocked, id=55204, stack(0x000000d4aee00000,0x000000d4aef00000) (1024K)]
  0x000002ba50e1f7c0 JavaThread "Compiler Class File Writer" daemon [_thread_blocked, id=46848, stack(0x000000d4aef00000,0x000000d4af000000) (1024K)]
  0x000002ba50e21200 JavaThread "Compiler Class File Writer" daemon [_thread_blocked, id=40376, stack(0x000000d4af000000,0x000000d4af100000) (1024K)]
  0x000002ba50e1eaa0 JavaThread "Compiler Class File Writer" daemon [_thread_blocked, id=42516, stack(0x000000d4af100000,0x000000d4af200000) (1024K)]
  0x000002ba50e1f130 JavaThread "Compiler Class File Writer" daemon [_thread_blocked, id=57800, stack(0x000000d4af200000,0x000000d4af300000) (1024K)]
  0x000002ba50e1fe50 JavaThread "Compiler Class File Writer" daemon [_thread_blocked, id=50576, stack(0x000000d4af300000,0x000000d4af400000) (1024K)]
  0x000002ba50e1e410 JavaThread "Compiler Class File Writer" daemon [_thread_blocked, id=29400, stack(0x000000d4af400000,0x000000d4af500000) (1024K)]
  0x000002ba50e225b0 JavaThread "Compiler Class File Writer" daemon [_thread_blocked, id=34824, stack(0x000000d4af500000,0x000000d4af600000) (1024K)]
  0x000002ba50e204e0 JavaThread "Compiler Class File Writer" daemon [_thread_blocked, id=37524, stack(0x000000d4af600000,0x000000d4af700000) (1024K)]
  0x000002ba50e21890 JavaThread "Compiler Class File Writer" daemon [_thread_blocked, id=19232, stack(0x000000d4af700000,0x000000d4af800000) (1024K)]
  0x000002ba50e22c40 JavaThread "ForkJoinPool.commonPool-worker-1" daemon [_thread_blocked, id=36716, stack(0x000000d4af800000,0x000000d4af900000) (1024K)]
  0x000002ba50e24680 JavaThread "ForkJoinPool.commonPool-worker-2" daemon [_thread_blocked, id=19980, stack(0x000000d4af900000,0x000000d4afa00000) (1024K)]
Total: 107

Other Threads:
  0x000002ba6502fc20 VMThread "VM Thread"                           [id=53560, stack(0x000000d4a7e00000,0x000000d4a7f00000) (1024K)]
  0x000002ba7924ca00 WatcherThread "VM Periodic Task Thread"        [id=57860, stack(0x000000d4a7d00000,0x000000d4a7e00000) (1024K)]
  0x000002ba64fa4d20 WorkerThread "GC Thread#0"                     [id=47444, stack(0x000000d4a7c00000,0x000000d4a7d00000) (1024K)]
  0x000002ba7d690d80 WorkerThread "GC Thread#1"                     [id=46112, stack(0x000000d4a8f00000,0x000000d4a9000000) (1024K)]
  0x000002ba7dbc30a0 WorkerThread "GC Thread#2"                     [id=43432, stack(0x000000d4a9000000,0x000000d4a9100000) (1024K)]
  0x000002ba7d691120 WorkerThread "GC Thread#3"                     [id=57120, stack(0x000000d4a9100000,0x000000d4a9200000) (1024K)]
  0x000002ba7d6918c0 WorkerThread "GC Thread#4"                     [id=38104, stack(0x000000d4a9200000,0x000000d4a9300000) (1024K)]
  0x000002ba7d485fa0 WorkerThread "GC Thread#5"                     [id=45240, stack(0x000000d4a9300000,0x000000d4a9400000) (1024K)]
  0x000002ba7d486750 WorkerThread "GC Thread#6"                     [id=47740, stack(0x000000d4a9400000,0x000000d4a9500000) (1024K)]
  0x000002ba7da859a0 WorkerThread "GC Thread#7"                     [id=60292, stack(0x000000d4a9600000,0x000000d4a9700000) (1024K)]
  0x000002ba7e3ccfe0 WorkerThread "GC Thread#8"                     [id=55396, stack(0x000000d4a9b00000,0x000000d4a9c00000) (1024K)]
  0x000002ba7dee64e0 WorkerThread "GC Thread#9"                     [id=58924, stack(0x000000d4a9c00000,0x000000d4a9d00000) (1024K)]
  0x000002ba7dee6fc0 WorkerThread "GC Thread#10"                    [id=55380, stack(0x000000d4a9d00000,0x000000d4a9e00000) (1024K)]
  0x000002ba7dee7e40 WorkerThread "GC Thread#11"                    [id=44884, stack(0x000000d4aa000000,0x000000d4aa100000) (1024K)]
  0x000002ba7dee6c20 WorkerThread "GC Thread#12"                    [id=47840, stack(0x000000d4aa100000,0x000000d4aa200000) (1024K)]
  0x000002ba7dee7360 WorkerThread "GC Thread#13"                    [id=35132, stack(0x000000d4aa300000,0x000000d4aa400000) (1024K)]
  0x000002ba7dee6880 WorkerThread "GC Thread#14"                    [id=36760, stack(0x000000d4aa400000,0x000000d4aa500000) (1024K)]
  0x000002ba7e513c80 WorkerThread "GC Thread#15"                    [id=39012, stack(0x000000d4aa800000,0x000000d4aa900000) (1024K)]
  0x000002ba7e5138e0 WorkerThread "GC Thread#16"                    [id=50712, stack(0x000000d4aaa00000,0x000000d4aab00000) (1024K)]
  0x000002ba7e514020 WorkerThread "GC Thread#17"                    [id=33208, stack(0x000000d4aab00000,0x000000d4aac00000) (1024K)]
Total: 20

Threads with active compile tasks:
C2 CompilerThread0  5216 10229       4       java.lang.reflect.AccessibleObject::verifyAccess (55 bytes)
C1 CompilerThread1  5216 10287       3       org.eclipse.core.internal.resources.Marker::<init> (28 bytes)
C1 CompilerThread2  5216 10288       3       org.eclipse.core.internal.resources.MarkerSet::get (121 bytes)
C2 CompilerThread1  5216 10200   !   4       org.eclipse.osgi.internal.loader.BundleLoader::findClass0 (491 bytes)
C2 CompilerThread2  5216 10159       4       org.eclipse.osgi.internal.loader.BundleLoader::addExportedProvidersFor (167 bytes)
C2 CompilerThread3  5216 10147       4       java.lang.invoke.MethodType::makeImpl (109 bytes)
Total: 6

VM state: at safepoint (normal execution)

VM Mutex/Monitor currently owned by a thread:  ([mutex/lock_event])
[0x00007ffb521de380] Threads_lock - owner thread: 0x000002ba6502fc20
[0x00007ffb521de480] Heap_lock - owner thread: 0x000002ba7e564ad0

Heap address: 0x00000000c0000000, size: 1024 MB, Compressed Oops mode: 32-bit

CDS archive(s) mapped at: [0x000002ba00000000-0x000002ba00ba0000-0x000002ba00ba0000), size 12189696, SharedBaseAddress: 0x000002ba00000000, ArchiveRelocationMode: 1.
Compressed class space mapped at: 0x000002ba01000000-0x000002ba41000000, reserved size: 1073741824
Narrow klass base: 0x000002ba00000000, Narrow klass shift: 0, Narrow klass range: 0x100000000

GC Precious Log:
 CardTable entry size: 512
 CPUs: 24 total, 24 available
 Memory: 16103M
 Large Page Support: Disabled
 NUMA Support: Disabled
 Compressed Oops: Enabled (32-bit)
 Alignments: Space 512K, Generation 512K, Heap 2M
 Heap Min Capacity: 100M
 Heap Initial Capacity: 100M
 Heap Max Capacity: 1G
 Pre-touch: Disabled
 Parallel Workers: 18

Heap:
 PSYoungGen      total 4608K, used 4560K [0x00000000eab00000, 0x00000000eb100000, 0x0000000100000000)
  eden space 3584K, 100% used [0x00000000eab00000,0x00000000eae80000,0x00000000eae80000)
  from space 1024K, 95% used [0x00000000eb000000,0x00000000eb0f42f8,0x00000000eb100000)
  to   space 1024K, 99% used [0x00000000eaf00000,0x00000000eaffdec8,0x00000000eb000000)
 ParOldGen       total 249344K, used 249016K [0x00000000c0000000, 0x00000000cf380000, 0x00000000eab00000)
  object space 249344K, 99% used [0x00000000c0000000,0x00000000cf32e0b8,0x00000000cf380000)
 Metaspace       used 61007K, committed 62208K, reserved 1114112K
  class space    used 6238K, committed 6784K, reserved 1048576K

Card table byte_map: [0x000002ba64920000,0x000002ba64b30000] _byte_map_base: 0x000002ba64320000

Marking Bits: (ParMarkBitMap*) 0x00007ffb521e3260
 Begin Bits: [0x000002ba77170000, 0x000002ba78170000)
 End Bits:   [0x000002ba78170000, 0x000002ba79170000)

Polling page: 0x000002ba62e40000

Metaspace:

Usage:
  Non-class:     53.49 MB used.
      Class:      6.09 MB used.
       Both:     59.58 MB used.

Virtual space:
  Non-class space:       64.00 MB reserved,      54.12 MB ( 85%) committed,  1 nodes.
      Class space:        1.00 GB reserved,       6.62 MB ( <1%) committed,  1 nodes.
             Both:        1.06 GB reserved,      60.75 MB (  6%) committed. 

Chunk freelists:
   Non-Class:  9.25 MB
       Class:  9.38 MB
        Both:  18.63 MB

MaxMetaspaceSize: unlimited
CompressedClassSpaceSize: 1.00 GB
Initial GC threshold: 21.00 MB
Current GC threshold: 97.31 MB
CDS: on
 - commit_granule_bytes: 65536.
 - commit_granule_words: 8192.
 - virtual_space_node_default_size: 8388608.
 - enlarge_chunks_in_place: 1.
 - use_allocation_guard: 0.


Internal statistics:

num_allocs_failed_limit: 9.
num_arena_births: 1028.
num_arena_deaths: 14.
num_vsnodes_births: 2.
num_vsnodes_deaths: 0.
num_space_committed: 972.
num_space_uncommitted: 0.
num_chunks_returned_to_freelist: 23.
num_chunks_taken_from_freelist: 3959.
num_chunk_merges: 15.
num_chunk_splits: 2392.
num_chunks_enlarged: 1258.
num_inconsistent_stats: 0.

CodeHeap 'non-profiled nmethods': size=119168Kb used=4769Kb max_used=5251Kb free=114398Kb
 bounds [0x000002ba6fd10000, 0x000002ba70240000, 0x000002ba77170000]
CodeHeap 'profiled nmethods': size=119104Kb used=16528Kb max_used=20444Kb free=102575Kb
 bounds [0x000002ba68170000, 0x000002ba69570000, 0x000002ba6f5c0000]
CodeHeap 'non-nmethods': size=7488Kb used=3123Kb max_used=3193Kb free=4364Kb
 bounds [0x000002ba6f5c0000, 0x000002ba6f8f0000, 0x000002ba6fd10000]
 total_blobs=9126 nmethods=8376 adapters=652
 compilation: enabled
              stopped_count=0, restarted_count=0
 full_count=0

Compilation events (20 events):
Event: 5.172 Thread 0x000002ba7a9c9ef0 nmethod 10278 0x000002ba69563610 code [0x000002ba695637e0, 0x000002ba69563c00]
Event: 5.173 Thread 0x000002ba7aa7ea20 nmethod 10277 0x000002ba69563d10 code [0x000002ba69564040, 0x000002ba69565408]
Event: 5.176 Thread 0x000002ba7936ba80 nmethod 10228 0x000002ba7022df90 code [0x000002ba7022e220, 0x000002ba7022f7b8]
Event: 5.178 Thread 0x000002ba7936ba80 10268       4       java.lang.Character::codePointBefore (48 bytes)
Event: 5.180 Thread 0x000002ba7936ba80 nmethod 10268 0x000002ba70230810 code [0x000002ba702309c0, 0x000002ba70230b90]
Event: 5.180 Thread 0x000002ba7936ba80 10229       4       java.lang.reflect.AccessibleObject::verifyAccess (55 bytes)
Event: 5.180 Thread 0x000002ba7aa7ea20 10279       3       org.eclipse.jdt.internal.compiler.classfmt.AnnotationInfo::scanElementValue (256 bytes)
Event: 5.180 Thread 0x000002ba7aa7ea20 nmethod 10279 0x000002ba69565990 code [0x000002ba69565bc0, 0x000002ba69566608]
Event: 5.181 Thread 0x000002ba7aa7ea20 10280       3       org.eclipse.core.runtime.jobs.Job::getJobManager (4 bytes)
Event: 5.181 Thread 0x000002ba7aa7ea20 nmethod 10280 0x000002ba68759690 code [0x000002ba68759820, 0x000002ba68759918]
Event: 5.182 Thread 0x000002ba7aa7ea20 10281       3       java.util.Calendar::getBaseStyle (6 bytes)
Event: 5.182 Thread 0x000002ba7aa7ea20 nmethod 10281 0x000002ba69566910 code [0x000002ba69566aa0, 0x000002ba69566bb8]
Event: 5.183 Thread 0x000002ba7aa7ea20 10283       3       java.text.DontCareFieldPosition$1::formatted (1 bytes)
Event: 5.183 Thread 0x000002ba7aa7ea20 nmethod 10283 0x000002ba69566c90 code [0x000002ba69566e20, 0x000002ba69566f28]
Event: 5.185 Thread 0x000002ba7a9c9ef0 10285       3       java.util.Date::<init> (10 bytes)
Event: 5.186 Thread 0x000002ba7a9c9ef0 nmethod 10285 0x000002ba69567010 code [0x000002ba695671c0, 0x000002ba69567328]
Event: 5.186 Thread 0x000002ba7aa7ea20 10286       3       java.lang.AbstractStringBuilder::inflate (42 bytes)
Event: 5.186 Thread 0x000002ba7aa7ea20 nmethod 10286 0x000002ba69567410 code [0x000002ba695675e0, 0x000002ba695678c8]
Event: 5.188 Thread 0x000002ba7a9c70a0 10287       3       org.eclipse.core.internal.resources.Marker::<init> (28 bytes)
Event: 5.188 Thread 0x000002ba7a9c9ef0 10288       3       org.eclipse.core.internal.resources.MarkerSet::get (121 bytes)

GC Heap History (20 events):
Event: 5.117 GC heap after
{Heap after GC invocations=255 (full 3):
 PSYoungGen      total 5120K, used 1147K [0x00000000eab00000, 0x00000000eb180000, 0x0000000100000000)
  eden space 3584K, 0% used [0x00000000eab00000,0x00000000eab00000,0x00000000eae80000)
  from space 1536K, 74% used [0x00000000eb000000,0x00000000eb11eff8,0x00000000eb180000)
  to   space 1536K, 0% used [0x00000000eae80000,0x00000000eae80000,0x00000000eb000000)
 ParOldGen       total 242176K, used 241732K [0x00000000c0000000, 0x00000000cec80000, 0x00000000eab00000)
  object space 242176K, 99% used [0x00000000c0000000,0x00000000cec11138,0x00000000cec80000)
 Metaspace       used 60737K, committed 61952K, reserved 1114112K
  class space    used 6209K, committed 6784K, reserved 1048576K
}
Event: 5.125 GC heap before
{Heap before GC invocations=256 (full 3):
 PSYoungGen      total 5120K, used 4731K [0x00000000eab00000, 0x00000000eb180000, 0x0000000100000000)
  eden space 3584K, 100% used [0x00000000eab00000,0x00000000eae80000,0x00000000eae80000)
  from space 1536K, 74% used [0x00000000eb000000,0x00000000eb11eff8,0x00000000eb180000)
  to   space 1536K, 0% used [0x00000000eae80000,0x00000000eae80000,0x00000000eb000000)
 ParOldGen       total 242176K, used 241732K [0x00000000c0000000, 0x00000000cec80000, 0x00000000eab00000)
  object space 242176K, 99% used [0x00000000c0000000,0x00000000cec11138,0x00000000cec80000)
 Metaspace       used 60846K, committed 62080K, reserved 1114112K
  class space    used 6219K, committed 6784K, reserved 1048576K
}
Event: 5.126 GC heap after
{Heap after GC invocations=256 (full 3):
 PSYoungGen      total 5120K, used 981K [0x00000000eab00000, 0x00000000eb180000, 0x0000000100000000)
  eden space 3584K, 0% used [0x00000000eab00000,0x00000000eab00000,0x00000000eae80000)
  from space 1536K, 63% used [0x00000000eae80000,0x00000000eaf75580,0x00000000eb000000)
  to   space 1536K, 0% used [0x00000000eb000000,0x00000000eb000000,0x00000000eb180000)
 ParOldGen       total 242688K, used 242566K [0x00000000c0000000, 0x00000000ced00000, 0x00000000eab00000)
  object space 242688K, 99% used [0x00000000c0000000,0x00000000cece1a90,0x00000000ced00000)
 Metaspace       used 60846K, committed 62080K, reserved 1114112K
  class space    used 6219K, committed 6784K, reserved 1048576K
}
Event: 5.133 GC heap before
{Heap before GC invocations=257 (full 3):
 PSYoungGen      total 5120K, used 4565K [0x00000000eab00000, 0x00000000eb180000, 0x0000000100000000)
  eden space 3584K, 100% used [0x00000000eab00000,0x00000000eae80000,0x00000000eae80000)
  from space 1536K, 63% used [0x00000000eae80000,0x00000000eaf75580,0x00000000eb000000)
  to   space 1536K, 0% used [0x00000000eb000000,0x00000000eb000000,0x00000000eb180000)
 ParOldGen       total 242688K, used 242566K [0x00000000c0000000, 0x00000000ced00000, 0x00000000eab00000)
  object space 242688K, 99% used [0x00000000c0000000,0x00000000cece1a90,0x00000000ced00000)
 Metaspace       used 60905K, committed 62144K, reserved 1114112K
  class space    used 6223K, committed 6784K, reserved 1048576K
}
Event: 5.134 GC heap after
{Heap after GC invocations=257 (full 3):
 PSYoungGen      total 5120K, used 1100K [0x00000000eab00000, 0x00000000eb180000, 0x0000000100000000)
  eden space 3584K, 0% used [0x00000000eab00000,0x00000000eab00000,0x00000000eae80000)
  from space 1536K, 71% used [0x00000000eb000000,0x00000000eb1131f8,0x00000000eb180000)
  to   space 1536K, 0% used [0x00000000eae80000,0x00000000eae80000,0x00000000eb000000)
 ParOldGen       total 243712K, used 243343K [0x00000000c0000000, 0x00000000cee00000, 0x00000000eab00000)
  object space 243712K, 99% used [0x00000000c0000000,0x00000000ceda3c58,0x00000000cee00000)
 Metaspace       used 60905K, committed 62144K, reserved 1114112K
  class space    used 6223K, committed 6784K, reserved 1048576K
}
Event: 5.142 GC heap before
{Heap before GC invocations=258 (full 3):
 PSYoungGen      total 5120K, used 4684K [0x00000000eab00000, 0x00000000eb180000, 0x0000000100000000)
  eden space 3584K, 100% used [0x00000000eab00000,0x00000000eae80000,0x00000000eae80000)
  from space 1536K, 71% used [0x00000000eb000000,0x00000000eb1131f8,0x00000000eb180000)
  to   space 1536K, 0% used [0x00000000eae80000,0x00000000eae80000,0x00000000eb000000)
 ParOldGen       total 243712K, used 243343K [0x00000000c0000000, 0x00000000cee00000, 0x00000000eab00000)
  object space 243712K, 99% used [0x00000000c0000000,0x00000000ceda3c58,0x00000000cee00000)
 Metaspace       used 60933K, committed 62144K, reserved 1114112K
  class space    used 6223K, committed 6784K, reserved 1048576K
}
Event: 5.143 GC heap after
{Heap after GC invocations=258 (full 3):
 PSYoungGen      total 5120K, used 1004K [0x00000000eab00000, 0x00000000eb180000, 0x0000000100000000)
  eden space 3584K, 0% used [0x00000000eab00000,0x00000000eab00000,0x00000000eae80000)
  from space 1536K, 65% used [0x00000000eae80000,0x00000000eaf7b100,0x00000000eb000000)
  to   space 1536K, 0% used [0x00000000eb000000,0x00000000eb000000,0x00000000eb180000)
 ParOldGen       total 244224K, used 244198K [0x00000000c0000000, 0x00000000cee80000, 0x00000000eab00000)
  object space 244224K, 99% used [0x00000000c0000000,0x00000000cee79a28,0x00000000cee80000)
 Metaspace       used 60933K, committed 62144K, reserved 1114112K
  class space    used 6223K, committed 6784K, reserved 1048576K
}
Event: 5.149 GC heap before
{Heap before GC invocations=259 (full 3):
 PSYoungGen      total 5120K, used 4588K [0x00000000eab00000, 0x00000000eb180000, 0x0000000100000000)
  eden space 3584K, 100% used [0x00000000eab00000,0x00000000eae80000,0x00000000eae80000)
  from space 1536K, 65% used [0x00000000eae80000,0x00000000eaf7b100,0x00000000eb000000)
  to   space 1536K, 0% used [0x00000000eb000000,0x00000000eb000000,0x00000000eb180000)
 ParOldGen       total 244224K, used 244198K [0x00000000c0000000, 0x00000000cee80000, 0x00000000eab00000)
  object space 244224K, 99% used [0x00000000c0000000,0x00000000cee79a28,0x00000000cee80000)
 Metaspace       used 60950K, committed 62208K, reserved 1114112K
  class space    used 6224K, committed 6784K, reserved 1048576K
}
Event: 5.150 GC heap after
{Heap after GC invocations=259 (full 3):
 PSYoungGen      total 5120K, used 1042K [0x00000000eab00000, 0x00000000eb180000, 0x0000000100000000)
  eden space 3584K, 0% used [0x00000000eab00000,0x00000000eab00000,0x00000000eae80000)
  from space 1536K, 67% used [0x00000000eb000000,0x00000000eb1048b8,0x00000000eb180000)
  to   space 1536K, 0% used [0x00000000eae80000,0x00000000eae80000,0x00000000eb000000)
 ParOldGen       total 245248K, used 244927K [0x00000000c0000000, 0x00000000cef80000, 0x00000000eab00000)
  object space 245248K, 99% used [0x00000000c0000000,0x00000000cef2fff0,0x00000000cef80000)
 Metaspace       used 60950K, committed 62208K, reserved 1114112K
  class space    used 6224K, committed 6784K, reserved 1048576K
}
Event: 5.156 GC heap before
{Heap before GC invocations=260 (full 3):
 PSYoungGen      total 5120K, used 4626K [0x00000000eab00000, 0x00000000eb180000, 0x0000000100000000)
  eden space 3584K, 100% used [0x00000000eab00000,0x00000000eae80000,0x00000000eae80000)
  from space 1536K, 67% used [0x00000000eb000000,0x00000000eb1048b8,0x00000000eb180000)
  to   space 1536K, 0% used [0x00000000eae80000,0x00000000eae80000,0x00000000eb000000)
 ParOldGen       total 245248K, used 244927K [0x00000000c0000000, 0x00000000cef80000, 0x00000000eab00000)
  object space 245248K, 99% used [0x00000000c0000000,0x00000000cef2fff0,0x00000000cef80000)
 Metaspace       used 60950K, committed 62208K, reserved 1114112K
  class space    used 6224K, committed 6784K, reserved 1048576K
}
Event: 5.157 GC heap after
{Heap after GC invocations=260 (full 3):
 PSYoungGen      total 5120K, used 1131K [0x00000000eab00000, 0x00000000eb180000, 0x0000000100000000)
  eden space 3584K, 0% used [0x00000000eab00000,0x00000000eab00000,0x00000000eae80000)
  from space 1536K, 73% used [0x00000000eae80000,0x00000000eaf9ac70,0x00000000eb000000)
  to   space 1536K, 0% used [0x00000000eb000000,0x00000000eb000000,0x00000000eb180000)
 ParOldGen       total 245760K, used 245724K [0x00000000c0000000, 0x00000000cf000000, 0x00000000eab00000)
  object space 245760K, 99% used [0x00000000c0000000,0x00000000ceff7130,0x00000000cf000000)
 Metaspace       used 60950K, committed 62208K, reserved 1114112K
  class space    used 6224K, committed 6784K, reserved 1048576K
}
Event: 5.163 GC heap before
{Heap before GC invocations=261 (full 3):
 PSYoungGen      total 5120K, used 4715K [0x00000000eab00000, 0x00000000eb180000, 0x0000000100000000)
  eden space 3584K, 100% used [0x00000000eab00000,0x00000000eae80000,0x00000000eae80000)
  from space 1536K, 73% used [0x00000000eae80000,0x00000000eaf9ac70,0x00000000eb000000)
  to   space 1536K, 0% used [0x00000000eb000000,0x00000000eb000000,0x00000000eb180000)
 ParOldGen       total 245760K, used 245724K [0x00000000c0000000, 0x00000000cf000000, 0x00000000eab00000)
  object space 245760K, 99% used [0x00000000c0000000,0x00000000ceff7130,0x00000000cf000000)
 Metaspace       used 60970K, committed 62208K, reserved 1114112K
  class space    used 6231K, committed 6784K, reserved 1048576K
}
Event: 5.164 GC heap after
{Heap after GC invocations=261 (full 3):
 PSYoungGen      total 5120K, used 1144K [0x00000000eab00000, 0x00000000eb180000, 0x0000000100000000)
  eden space 3584K, 0% used [0x00000000eab00000,0x00000000eab00000,0x00000000eae80000)
  from space 1536K, 74% used [0x00000000eb000000,0x00000000eb11e340,0x00000000eb180000)
  to   space 1536K, 0% used [0x00000000eae80000,0x00000000eae80000,0x00000000eb000000)
 ParOldGen       total 246784K, used 246582K [0x00000000c0000000, 0x00000000cf100000, 0x00000000eab00000)
  object space 246784K, 99% used [0x00000000c0000000,0x00000000cf0cda20,0x00000000cf100000)
 Metaspace       used 60970K, committed 62208K, reserved 1114112K
  class space    used 6231K, committed 6784K, reserved 1048576K
}
Event: 5.172 GC heap before
{Heap before GC invocations=262 (full 3):
 PSYoungGen      total 5120K, used 4728K [0x00000000eab00000, 0x00000000eb180000, 0x0000000100000000)
  eden space 3584K, 100% used [0x00000000eab00000,0x00000000eae80000,0x00000000eae80000)
  from space 1536K, 74% used [0x00000000eb000000,0x00000000eb11e340,0x00000000eb180000)
  to   space 1536K, 0% used [0x00000000eae80000,0x00000000eae80000,0x00000000eb000000)
 ParOldGen       total 246784K, used 246582K [0x00000000c0000000, 0x00000000cf100000, 0x00000000eab00000)
  object space 246784K, 99% used [0x00000000c0000000,0x00000000cf0cda20,0x00000000cf100000)
 Metaspace       used 60982K, committed 62208K, reserved 1114112K
  class space    used 6234K, committed 6784K, reserved 1048576K
}
Event: 5.173 GC heap after
{Heap after GC invocations=262 (full 3):
 PSYoungGen      total 5120K, used 1045K [0x00000000eab00000, 0x00000000eb180000, 0x0000000100000000)
  eden space 3584K, 0% used [0x00000000eab00000,0x00000000eab00000,0x00000000eae80000)
  from space 1536K, 68% used [0x00000000eae80000,0x00000000eaf854a0,0x00000000eb000000)
  to   space 1536K, 0% used [0x00000000eb000000,0x00000000eb000000,0x00000000eb180000)
 ParOldGen       total 247808K, used 247480K [0x00000000c0000000, 0x00000000cf200000, 0x00000000eab00000)
  object space 247808K, 99% used [0x00000000c0000000,0x00000000cf1ae3b0,0x00000000cf200000)
 Metaspace       used 60982K, committed 62208K, reserved 1114112K
  class space    used 6234K, committed 6784K, reserved 1048576K
}
Event: 5.180 GC heap before
{Heap before GC invocations=263 (full 3):
 PSYoungGen      total 5120K, used 4629K [0x00000000eab00000, 0x00000000eb180000, 0x0000000100000000)
  eden space 3584K, 100% used [0x00000000eab00000,0x00000000eae80000,0x00000000eae80000)
  from space 1536K, 68% used [0x00000000eae80000,0x00000000eaf854a0,0x00000000eb000000)
  to   space 1536K, 0% used [0x00000000eb000000,0x00000000eb000000,0x00000000eb180000)
 ParOldGen       total 247808K, used 247480K [0x00000000c0000000, 0x00000000cf200000, 0x00000000eab00000)
  object space 247808K, 99% used [0x00000000c0000000,0x00000000cf1ae3b0,0x00000000cf200000)
 Metaspace       used 60982K, committed 62208K, reserved 1114112K
  class space    used 6234K, committed 6784K, reserved 1048576K
}
Event: 5.181 GC heap after
{Heap after GC invocations=263 (full 3):
 PSYoungGen      total 4608K, used 976K [0x00000000eab00000, 0x00000000eb100000, 0x0000000100000000)
  eden space 3584K, 0% used [0x00000000eab00000,0x00000000eab00000,0x00000000eae80000)
  from space 1024K, 95% used [0x00000000eb000000,0x00000000eb0f42f8,0x00000000eb100000)
  to   space 1024K, 0% used [0x00000000eaf00000,0x00000000eaf00000,0x00000000eb000000)
 ParOldGen       total 248320K, used 248312K [0x00000000c0000000, 0x00000000cf280000, 0x00000000eab00000)
  object space 248320K, 99% used [0x00000000c0000000,0x00000000cf27e0b0,0x00000000cf280000)
 Metaspace       used 60982K, committed 62208K, reserved 1114112K
  class space    used 6234K, committed 6784K, reserved 1048576K
}
Event: 5.188 GC heap before
{Heap before GC invocations=264 (full 3):
 PSYoungGen      total 4608K, used 4560K [0x00000000eab00000, 0x00000000eb100000, 0x0000000100000000)
  eden space 3584K, 100% used [0x00000000eab00000,0x00000000eae80000,0x00000000eae80000)
  from space 1024K, 95% used [0x00000000eb000000,0x00000000eb0f42f8,0x00000000eb100000)
  to   space 1024K, 0% used [0x00000000eaf00000,0x00000000eaf00000,0x00000000eb000000)
 ParOldGen       total 248320K, used 248312K [0x00000000c0000000, 0x00000000cf280000, 0x00000000eab00000)
  object space 248320K, 99% used [0x00000000c0000000,0x00000000cf27e0b0,0x00000000cf280000)
 Metaspace       used 61007K, committed 62208K, reserved 1114112K
  class space    used 6238K, committed 6784K, reserved 1048576K
}
Event: 5.189 GC heap after
{Heap after GC invocations=264 (full 3):
 PSYoungGen      total 4608K, used 4560K [0x00000000eab00000, 0x00000000eb100000, 0x0000000100000000)
  eden space 3584K, 100% used [0x00000000eab00000,0x00000000eae80000,0x00000000eae80000)
  from space 1024K, 95% used [0x00000000eb000000,0x00000000eb0f42f8,0x00000000eb100000)
  to   space 1024K, 99% used [0x00000000eaf00000,0x00000000eaffdec8,0x00000000eb000000)
 ParOldGen       total 249344K, used 249016K [0x00000000c0000000, 0x00000000cf380000, 0x00000000eab00000)
  object space 249344K, 99% used [0x00000000c0000000,0x00000000cf32e0b8,0x00000000cf380000)
 Metaspace       used 61007K, committed 62208K, reserved 1114112K
  class space    used 6238K, committed 6784K, reserved 1048576K
}
Event: 5.189 GC heap before
{Heap before GC invocations=265 (full 4):
 PSYoungGen      total 4608K, used 4560K [0x00000000eab00000, 0x00000000eb100000, 0x0000000100000000)
  eden space 3584K, 100% used [0x00000000eab00000,0x00000000eae80000,0x00000000eae80000)
  from space 1024K, 95% used [0x00000000eb000000,0x00000000eb0f42f8,0x00000000eb100000)
  to   space 1024K, 99% used [0x00000000eaf00000,0x00000000eaffdec8,0x00000000eb000000)
 ParOldGen       total 249344K, used 249016K [0x00000000c0000000, 0x00000000cf380000, 0x00000000eab00000)
  object space 249344K, 99% used [0x00000000c0000000,0x00000000cf32e0b8,0x00000000cf380000)
 Metaspace       used 61007K, committed 62208K, reserved 1114112K
  class space    used 6238K, committed 6784K, reserved 1048576K
}

Dll operation events (12 events):
Event: 0.007 Loaded shared library c:\Users\Thomas Danjo\.cursor\extensions\redhat.java-1.41.1-win32-x64\jre\21.0.6-win32-x86_64\bin\java.dll
Event: 0.071 Loaded shared library c:\Users\Thomas Danjo\.cursor\extensions\redhat.java-1.41.1-win32-x64\jre\21.0.6-win32-x86_64\bin\zip.dll
Event: 0.085 Loaded shared library C:\Users\Thomas Danjo\.cursor\extensions\redhat.java-1.41.1-win32-x64\jre\21.0.6-win32-x86_64\bin\instrument.dll
Event: 0.088 Loaded shared library C:\Users\Thomas Danjo\.cursor\extensions\redhat.java-1.41.1-win32-x64\jre\21.0.6-win32-x86_64\bin\net.dll
Event: 0.089 Loaded shared library C:\Users\Thomas Danjo\.cursor\extensions\redhat.java-1.41.1-win32-x64\jre\21.0.6-win32-x86_64\bin\nio.dll
Event: 0.091 Loaded shared library C:\Users\Thomas Danjo\.cursor\extensions\redhat.java-1.41.1-win32-x64\jre\21.0.6-win32-x86_64\bin\zip.dll
Event: 0.100 Loaded shared library C:\Users\Thomas Danjo\.cursor\extensions\redhat.java-1.41.1-win32-x64\jre\21.0.6-win32-x86_64\bin\jimage.dll
Event: 0.135 Loaded shared library c:\Users\Thomas Danjo\.cursor\extensions\redhat.java-1.41.1-win32-x64\jre\21.0.6-win32-x86_64\bin\verify.dll
Event: 0.697 Loaded shared library C:\Users\Thomas Danjo\AppData\Roaming\Cursor\User\globalStorage\redhat.java\1.41.1\config_win\org.eclipse.equinox.launcher\org.eclipse.equinox.launcher.win32.win32.x86_64_1.2.1300.v20250331-1702\eclipse_11911.dll
Event: 1.441 Loaded shared library C:\Users\Thomas Danjo\AppData\Local\Temp\jna-1785980026\jna18293400075995735671.dll
Event: 2.071 Loaded shared library C:\Users\Thomas Danjo\.cursor\extensions\redhat.java-1.41.1-win32-x64\jre\21.0.6-win32-x86_64\bin\management.dll
Event: 2.074 Loaded shared library C:\Users\Thomas Danjo\.cursor\extensions\redhat.java-1.41.1-win32-x64\jre\21.0.6-win32-x86_64\bin\management_ext.dll

Deoptimization events (20 events):
Event: 5.080 Thread 0x000002ba4504b580 Uncommon trap: trap_request=0xffffffc6 fr.pc=0x000002ba700ca568 relative=0x0000000000000608
Event: 5.080 Thread 0x000002ba4504b580 Uncommon trap: reason=bimorphic_or_optimized_type_check action=maybe_recompile pc=0x000002ba700ca568 method=java.util.Comparator.lambda$thenComparing$36697e65$1(Ljava/util/Comparator;Ljava/lang/Object;Ljava/lang/Object;)I @ 3 c2
Event: 5.080 Thread 0x000002ba4504b580 DEOPT PACKING pc=0x000002ba700ca568 sp=0x000000d4acbfe1e0
Event: 5.080 Thread 0x000002ba4504b580 DEOPT UNPACKING pc=0x000002ba6f613aa2 sp=0x000000d4acbfe108 mode 2
Event: 5.080 Thread 0x000002ba4504b580 Uncommon trap: trap_request=0xffffffc6 fr.pc=0x000002ba700ca568 relative=0x0000000000000608
Event: 5.080 Thread 0x000002ba4504b580 Uncommon trap: reason=bimorphic_or_optimized_type_check action=maybe_recompile pc=0x000002ba700ca568 method=java.util.Comparator.lambda$thenComparing$36697e65$1(Ljava/util/Comparator;Ljava/lang/Object;Ljava/lang/Object;)I @ 3 c2
Event: 5.081 Thread 0x000002ba4504b580 DEOPT PACKING pc=0x000002ba700ca568 sp=0x000000d4acbfe1e0
Event: 5.081 Thread 0x000002ba4504b580 DEOPT UNPACKING pc=0x000002ba6f613aa2 sp=0x000000d4acbfe108 mode 2
Event: 5.081 Thread 0x000002ba4504b580 Uncommon trap: trap_request=0xffffffc6 fr.pc=0x000002ba700ca568 relative=0x0000000000000608
Event: 5.081 Thread 0x000002ba4504b580 Uncommon trap: reason=bimorphic_or_optimized_type_check action=maybe_recompile pc=0x000002ba700ca568 method=java.util.Comparator.lambda$thenComparing$36697e65$1(Ljava/util/Comparator;Ljava/lang/Object;Ljava/lang/Object;)I @ 3 c2
Event: 5.081 Thread 0x000002ba4504b580 DEOPT PACKING pc=0x000002ba700ca568 sp=0x000000d4acbfe1e0
Event: 5.081 Thread 0x000002ba4504b580 DEOPT UNPACKING pc=0x000002ba6f613aa2 sp=0x000000d4acbfe108 mode 2
Event: 5.136 Thread 0x000002ba7e569990 Uncommon trap: trap_request=0xffffff45 fr.pc=0x000002ba6fd67dfc relative=0x000000000000117c
Event: 5.136 Thread 0x000002ba7e569990 Uncommon trap: reason=unstable_if action=reinterpret pc=0x000002ba6fd67dfc method=org.eclipse.jdt.internal.core.util.Util.splitOn(CLjava/lang/String;II)[Ljava/lang/String; @ 16 c2
Event: 5.136 Thread 0x000002ba7e569990 DEOPT PACKING pc=0x000002ba6fd67dfc sp=0x000000d4aa6fe7e0
Event: 5.136 Thread 0x000002ba7e569990 DEOPT UNPACKING pc=0x000002ba6f613aa2 sp=0x000000d4aa6fe7d0 mode 2
Event: 5.139 Thread 0x000002ba7e564ad0 Uncommon trap: trap_request=0xffffff45 fr.pc=0x000002ba700de7c0 relative=0x0000000000008160
Event: 5.139 Thread 0x000002ba7e564ad0 Uncommon trap: reason=unstable_if action=reinterpret pc=0x000002ba700de7c0 method=org.eclipse.jdt.internal.compiler.util.Util.isClassFileName(Ljava/lang/String;)Z @ 20 c2
Event: 5.139 Thread 0x000002ba7e564ad0 DEOPT PACKING pc=0x000002ba700de7c0 sp=0x000000d4aacfeb10
Event: 5.139 Thread 0x000002ba7e564ad0 DEOPT UNPACKING pc=0x000002ba6f613aa2 sp=0x000000d4aacfe948 mode 2

Classes loaded (20 events):
Event: 4.580 Loading class java/util/Collections$SynchronizedRandomAccessList
Event: 4.580 Loading class java/util/Collections$SynchronizedList
Event: 4.580 Loading class java/util/Collections$SynchronizedList done
Event: 4.580 Loading class java/util/Collections$SynchronizedRandomAccessList done
Event: 4.592 Loading class java/util/concurrent/CompletableFuture$Signaller
Event: 4.592 Loading class java/util/concurrent/CompletableFuture$Signaller done
Event: 4.775 Loading class java/nio/charset/CharacterCodingException
Event: 4.775 Loading class java/nio/charset/CharacterCodingException done
Event: 4.776 Loading class java/io/SequenceInputStream
Event: 4.776 Loading class java/io/SequenceInputStream done
Event: 5.096 Loading class java/util/concurrent/CompletableFuture$UniApply
Event: 5.097 Loading class java/util/concurrent/CompletableFuture$UniCompletion
Event: 5.097 Loading class java/util/concurrent/CompletableFuture$UniCompletion done
Event: 5.098 Loading class java/util/concurrent/CompletableFuture$UniApply done
Event: 5.098 Loading class java/util/concurrent/CompletableFuture$UniAccept
Event: 5.098 Loading class java/util/concurrent/CompletableFuture$UniAccept done
Event: 5.098 Loading class java/util/concurrent/CompletableFuture$UniExceptionally
Event: 5.098 Loading class java/util/concurrent/CompletableFuture$UniExceptionally done
Event: 5.114 Loading class java/util/Hashtable$KeySet
Event: 5.114 Loading class java/util/Hashtable$KeySet done

Classes unloaded (7 events):
Event: 1.710 Thread 0x000002ba6502fc20 Unloading class 0x000002ba01199400 'java/lang/invoke/LambdaForm$MH+0x000002ba01199400'
Event: 1.710 Thread 0x000002ba6502fc20 Unloading class 0x000002ba01199000 'java/lang/invoke/LambdaForm$MH+0x000002ba01199000'
Event: 1.710 Thread 0x000002ba6502fc20 Unloading class 0x000002ba01198c00 'java/lang/invoke/LambdaForm$MH+0x000002ba01198c00'
Event: 1.710 Thread 0x000002ba6502fc20 Unloading class 0x000002ba01198800 'java/lang/invoke/LambdaForm$MH+0x000002ba01198800'
Event: 1.710 Thread 0x000002ba6502fc20 Unloading class 0x000002ba01198400 'java/lang/invoke/LambdaForm$BMH+0x000002ba01198400'
Event: 1.710 Thread 0x000002ba6502fc20 Unloading class 0x000002ba01198000 'java/lang/invoke/LambdaForm$DMH+0x000002ba01198000'
Event: 1.710 Thread 0x000002ba6502fc20 Unloading class 0x000002ba01196c00 'java/lang/invoke/LambdaForm$DMH+0x000002ba01196c00'

Classes redefined (0 events):
No events

Internal exceptions (20 events):
Event: 5.125 Thread 0x000002ba7e569990 Exception <a 'sun/nio/fs/WindowsException'{0x00000000eae4b1c0}> (0x00000000eae4b1c0) 
thrown [s\src\hotspot\share\prims\jni.cpp, line 520]
Event: 5.126 Thread 0x000002ba7e569990 Exception <a 'sun/nio/fs/WindowsException'{0x00000000eab00070}> (0x00000000eab00070) 
thrown [s\src\hotspot\share\prims\jni.cpp, line 520]
Event: 5.128 Thread 0x000002ba7e569990 Exception <a 'java/io/FileNotFoundException'{0x00000000eabe7c60}> (0x00000000eabe7c60) 
thrown [s\src\hotspot\share\prims\jni.cpp, line 520]
Event: 5.128 Thread 0x000002ba7e569990 Exception <a 'java/io/FileNotFoundException'{0x00000000eabe8a10}> (0x00000000eabe8a10) 
thrown [s\src\hotspot\share\prims\jni.cpp, line 520]
Event: 5.133 Thread 0x000002ba7e569990 Exception <a 'sun/nio/fs/WindowsException'{0x00000000eae61318}> (0x00000000eae61318) 
thrown [s\src\hotspot\share\prims\jni.cpp, line 520]
Event: 5.133 Thread 0x000002ba7e569990 Exception <a 'sun/nio/fs/WindowsException'{0x00000000eae61b68}> (0x00000000eae61b68) 
thrown [s\src\hotspot\share\prims\jni.cpp, line 520]
Event: 5.139 Thread 0x000002ba7e569990 Exception <a 'sun/nio/fs/WindowsException'{0x00000000eac9cb78}> (0x00000000eac9cb78) 
thrown [s\src\hotspot\share\prims\jni.cpp, line 520]
Event: 5.139 Thread 0x000002ba7e569990 Exception <a 'sun/nio/fs/WindowsException'{0x00000000eac9d3c8}> (0x00000000eac9d3c8) 
thrown [s\src\hotspot\share\prims\jni.cpp, line 520]
Event: 5.139 Thread 0x000002ba7e569990 Exception <a 'sun/nio/fs/WindowsException'{0x00000000eacc73e0}> (0x00000000eacc73e0) 
thrown [s\src\hotspot\share\prims\jni.cpp, line 520]
Event: 5.139 Thread 0x000002ba7e569990 Exception <a 'sun/nio/fs/WindowsException'{0x00000000eacc7c30}> (0x00000000eacc7c30) 
thrown [s\src\hotspot\share\prims\jni.cpp, line 520]
Event: 5.139 Thread 0x000002ba7e569990 Exception <a 'sun/nio/fs/WindowsException'{0x00000000eacdba28}> (0x00000000eacdba28) 
thrown [s\src\hotspot\share\prims\jni.cpp, line 520]
Event: 5.139 Thread 0x000002ba7e569990 Exception <a 'sun/nio/fs/WindowsException'{0x00000000eacdc278}> (0x00000000eacdc278) 
thrown [s\src\hotspot\share\prims\jni.cpp, line 520]
Event: 5.142 Thread 0x000002ba7e569990 Exception <a 'sun/nio/fs/WindowsException'{0x00000000eae4f828}> (0x00000000eae4f828) 
thrown [s\src\hotspot\share\prims\jni.cpp, line 520]
Event: 5.142 Thread 0x000002ba7e569990 Exception <a 'sun/nio/fs/WindowsException'{0x00000000eae50078}> (0x00000000eae50078) 
thrown [s\src\hotspot\share\prims\jni.cpp, line 520]
Event: 5.144 Thread 0x000002ba7e569990 Exception <a 'sun/nio/fs/WindowsException'{0x00000000eab0f618}> (0x00000000eab0f618) 
thrown [s\src\hotspot\share\prims\jni.cpp, line 520]
Event: 5.144 Thread 0x000002ba7e569990 Exception <a 'sun/nio/fs/WindowsException'{0x00000000eab0fe68}> (0x00000000eab0fe68) 
thrown [s\src\hotspot\share\prims\jni.cpp, line 520]
Event: 5.144 Thread 0x000002ba7e569990 Exception <a 'sun/nio/fs/WindowsException'{0x00000000eab5e478}> (0x00000000eab5e478) 
thrown [s\src\hotspot\share\prims\jni.cpp, line 520]
Event: 5.144 Thread 0x000002ba7e569990 Exception <a 'sun/nio/fs/WindowsException'{0x00000000eab5ecc8}> (0x00000000eab5ecc8) 
thrown [s\src\hotspot\share\prims\jni.cpp, line 520]
Event: 5.163 Thread 0x000002ba7e566ba0 Exception <a 'sun/nio/fs/WindowsException'{0x00000000eae55598}> (0x00000000eae55598) 
thrown [s\src\hotspot\share\prims\jni.cpp, line 520]
Event: 5.164 Thread 0x000002ba7e566ba0 Exception <a 'sun/nio/fs/WindowsException'{0x00000000eab00118}> (0x00000000eab00118) 
thrown [s\src\hotspot\share\prims\jni.cpp, line 520]

ZGC Phase Switch (0 events):
No events

VM Operations (20 events):
Event: 5.109 Executing VM operation: ParallelGCFailedAllocation (Allocation Failure) done
Event: 5.116 Executing VM operation: ParallelGCFailedAllocation (Allocation Failure)
Event: 5.117 Executing VM operation: ParallelGCFailedAllocation (Allocation Failure) done
Event: 5.125 Executing VM operation: ParallelGCFailedAllocation (Allocation Failure)
Event: 5.126 Executing VM operation: ParallelGCFailedAllocation (Allocation Failure) done
Event: 5.133 Executing VM operation: ParallelGCFailedAllocation (Allocation Failure)
Event: 5.134 Executing VM operation: ParallelGCFailedAllocation (Allocation Failure) done
Event: 5.142 Executing VM operation: ParallelGCFailedAllocation (Allocation Failure)
Event: 5.143 Executing VM operation: ParallelGCFailedAllocation (Allocation Failure) done
Event: 5.149 Executing VM operation: ParallelGCFailedAllocation (Allocation Failure)
Event: 5.150 Executing VM operation: ParallelGCFailedAllocation (Allocation Failure) done
Event: 5.156 Executing VM operation: ParallelGCFailedAllocation (Allocation Failure)
Event: 5.157 Executing VM operation: ParallelGCFailedAllocation (Allocation Failure) done
Event: 5.163 Executing VM operation: ParallelGCFailedAllocation (Allocation Failure)
Event: 5.164 Executing VM operation: ParallelGCFailedAllocation (Allocation Failure) done
Event: 5.172 Executing VM operation: ParallelGCFailedAllocation (Allocation Failure)
Event: 5.173 Executing VM operation: ParallelGCFailedAllocation (Allocation Failure) done
Event: 5.180 Executing VM operation: ParallelGCFailedAllocation (Allocation Failure)
Event: 5.181 Executing VM operation: ParallelGCFailedAllocation (Allocation Failure) done
Event: 5.188 Executing VM operation: ParallelGCFailedAllocation (Allocation Failure)

Memory protections (0 events):
No events

Nmethod flushes (20 events):
Event: 4.668 Thread 0x000002ba6502fc20 flushing  nmethod 0x000002ba68b80110
Event: 4.668 Thread 0x000002ba6502fc20 flushing  nmethod 0x000002ba68b80910
Event: 4.668 Thread 0x000002ba6502fc20 flushing  nmethod 0x000002ba68b81810
Event: 4.668 Thread 0x000002ba6502fc20 flushing  nmethod 0x000002ba68b82490
Event: 4.668 Thread 0x000002ba6502fc20 flushing  nmethod 0x000002ba68b88890
Event: 4.668 Thread 0x000002ba6502fc20 flushing  nmethod 0x000002ba68b89b10
Event: 4.668 Thread 0x000002ba6502fc20 flushing  nmethod 0x000002ba68b8bc90
Event: 4.668 Thread 0x000002ba6502fc20 flushing  nmethod 0x000002ba68b8e990
Event: 4.668 Thread 0x000002ba6502fc20 flushing  nmethod 0x000002ba68b94990
Event: 4.668 Thread 0x000002ba6502fc20 flushing  nmethod 0x000002ba68bbd610
Event: 4.668 Thread 0x000002ba6502fc20 flushing  nmethod 0x000002ba68bcce10
Event: 4.668 Thread 0x000002ba6502fc20 flushing  nmethod 0x000002ba68bd4110
Event: 4.668 Thread 0x000002ba6502fc20 flushing  nmethod 0x000002ba68bdb890
Event: 4.668 Thread 0x000002ba6502fc20 flushing  nmethod 0x000002ba68c1b510
Event: 4.668 Thread 0x000002ba6502fc20 flushing  nmethod 0x000002ba68c1bd10
Event: 4.668 Thread 0x000002ba6502fc20 flushing  nmethod 0x000002ba68c1d010
Event: 4.668 Thread 0x000002ba6502fc20 flushing  nmethod 0x000002ba68c20890
Event: 4.668 Thread 0x000002ba6502fc20 flushing  nmethod 0x000002ba68c78010
Event: 4.668 Thread 0x000002ba6502fc20 flushing  nmethod 0x000002ba68c79910
Event: 4.668 Thread 0x000002ba6502fc20 flushing  nmethod 0x000002ba68c86410

Events (20 events):
Event: 3.904 Thread 0x000002ba7e568c70 Thread added: 0x000002ba7e5cc5e0
Event: 3.904 Thread 0x000002ba7e568c70 Thread added: 0x000002ba7e5c6a00
Event: 3.944 Thread 0x000002ba7e568c70 Thread added: 0x000002ba7e5c7db0
Event: 4.060 Thread 0x000002ba7e568c70 Thread added: 0x000002ba7e5c8ad0
Event: 4.082 Thread 0x000002ba7e568c70 Thread added: 0x000002ba7e5ccc70
Event: 4.135 Thread 0x000002ba7e568c70 Thread added: 0x000002ba7e5c5ce0
Event: 4.135 Thread 0x000002ba7e568c70 Thread added: 0x000002ba7e5cd300
Event: 4.135 Thread 0x000002ba7e568c70 Thread added: 0x000002ba7e5c7720
Event: 4.136 Thread 0x000002ba7e568c70 Thread added: 0x000002ba50e253a0
Event: 4.136 Thread 0x000002ba7e568c70 Thread added: 0x000002ba50e1f7c0
Event: 4.138 Thread 0x000002ba7e568c70 Thread added: 0x000002ba50e21200
Event: 4.138 Thread 0x000002ba7e568c70 Thread added: 0x000002ba50e1eaa0
Event: 4.138 Thread 0x000002ba7e568c70 Thread added: 0x000002ba50e1f130
Event: 4.139 Thread 0x000002ba7e568c70 Thread added: 0x000002ba50e1fe50
Event: 4.140 Thread 0x000002ba7e568c70 Thread added: 0x000002ba50e1e410
Event: 4.140 Thread 0x000002ba7e568c70 Thread added: 0x000002ba50e225b0
Event: 4.141 Thread 0x000002ba7e568c70 Thread added: 0x000002ba50e204e0
Event: 4.141 Thread 0x000002ba7e568c70 Thread added: 0x000002ba50e21890
Event: 5.098 Thread 0x000002ba4504b580 Thread added: 0x000002ba50e22c40
Event: 5.101 Thread 0x000002ba4504b580 Thread added: 0x000002ba50e24680


Dynamic libraries:
0x00007ff657520000 - 0x00007ff65752e000 	c:\Users\Thomas Danjo\.cursor\extensions\redhat.java-1.41.1-win32-x64\jre\21.0.6-win32-x86_64\bin\java.exe
0x00007ffbd1890000 - 0x00007ffbd1aa7000 	C:\Windows\SYSTEM32\ntdll.dll
0x00007ffbad2a0000 - 0x00007ffbad2ba000 	C:\Program Files\Avast Software\Avast\aswhook.dll
0x00007ffbd14a0000 - 0x00007ffbd1564000 	C:\Windows\System32\KERNEL32.DLL
0x00007ffbcf070000 - 0x00007ffbcf427000 	C:\Windows\System32\KERNELBASE.dll
0x00007ffbceed0000 - 0x00007ffbcefe1000 	C:\Windows\System32\ucrtbase.dll
0x00007ffb97f40000 - 0x00007ffb97f58000 	c:\Users\Thomas Danjo\.cursor\extensions\redhat.java-1.41.1-win32-x64\jre\21.0.6-win32-x86_64\bin\jli.dll
0x00007ffb96a60000 - 0x00007ffb96a7e000 	c:\Users\Thomas Danjo\.cursor\extensions\redhat.java-1.41.1-win32-x64\jre\21.0.6-win32-x86_64\bin\VCRUNTIME140.dll
0x00007ffbd07f0000 - 0x00007ffbd099f000 	C:\Windows\System32\USER32.dll
0x00007ffbcf430000 - 0x00007ffbcf456000 	C:\Windows\System32\win32u.dll
0x00007ffbb5780000 - 0x00007ffbb5a13000 	C:\Windows\WinSxS\amd64_microsoft.windows.common-controls_6595b64144ccf1df_6.0.22621.3672_none_2713b9d173822955\COMCTL32.dll
0x00007ffbd0e60000 - 0x00007ffbd0e89000 	C:\Windows\System32\GDI32.dll
0x00007ffbd17a0000 - 0x00007ffbd1847000 	C:\Windows\System32\msvcrt.dll
0x00007ffbcedb0000 - 0x00007ffbceec8000 	C:\Windows\System32\gdi32full.dll
0x00007ffbced10000 - 0x00007ffbcedaa000 	C:\Windows\System32\msvcp_win.dll
0x00007ffbd0f40000 - 0x00007ffbd0f71000 	C:\Windows\System32\IMM32.DLL
0x00007ffbb3b30000 - 0x00007ffbb3b3c000 	c:\Users\Thomas Danjo\.cursor\extensions\redhat.java-1.41.1-win32-x64\jre\21.0.6-win32-x86_64\bin\vcruntime140_1.dll
0x00007ffb7c910000 - 0x00007ffb7c99d000 	c:\Users\Thomas Danjo\.cursor\extensions\redhat.java-1.41.1-win32-x64\jre\21.0.6-win32-x86_64\bin\msvcp140.dll
0x00007ffb51530000 - 0x00007ffb522c0000 	c:\Users\Thomas Danjo\.cursor\extensions\redhat.java-1.41.1-win32-x64\jre\21.0.6-win32-x86_64\bin\server\jvm.dll
0x00007ffbd06b0000 - 0x00007ffbd0762000 	C:\Windows\System32\ADVAPI32.dll
0x00007ffbd0e90000 - 0x00007ffbd0f38000 	C:\Windows\System32\sechost.dll
0x00007ffbcf590000 - 0x00007ffbcf5b8000 	C:\Windows\System32\bcrypt.dll
0x00007ffbd0d40000 - 0x00007ffbd0e54000 	C:\Windows\System32\RPCRT4.dll
0x00007ffbd0b50000 - 0x00007ffbd0bc1000 	C:\Windows\System32\WS2_32.dll
0x00007ffbcda10000 - 0x00007ffbcda5d000 	C:\Windows\SYSTEM32\POWRPROF.dll
0x00007ffbc3b70000 - 0x00007ffbc3b7a000 	C:\Windows\SYSTEM32\VERSION.dll
0x00007ffbc6530000 - 0x00007ffbc6564000 	C:\Windows\SYSTEM32\WINMM.dll
0x00007ffbcd9f0000 - 0x00007ffbcda03000 	C:\Windows\SYSTEM32\UMPDC.dll
0x00007ffbcdcb0000 - 0x00007ffbcdcc8000 	C:\Windows\SYSTEM32\kernel.appcore.dll
0x00007ffbb37d0000 - 0x00007ffbb37da000 	c:\Users\Thomas Danjo\.cursor\extensions\redhat.java-1.41.1-win32-x64\jre\21.0.6-win32-x86_64\bin\jimage.dll
0x00007ffbcc310000 - 0x00007ffbcc542000 	C:\Windows\SYSTEM32\DBGHELP.DLL
0x00007ffbd1100000 - 0x00007ffbd148e000 	C:\Windows\System32\combase.dll
0x00007ffbd0fa0000 - 0x00007ffbd1077000 	C:\Windows\System32\OLEAUT32.dll
0x00007ffbc0ff0000 - 0x00007ffbc1022000 	C:\Windows\SYSTEM32\dbgcore.DLL
0x00007ffbceff0000 - 0x00007ffbcf06b000 	C:\Windows\System32\bcryptPrimitives.dll
0x00007ffbad140000 - 0x00007ffbad14f000 	c:\Users\Thomas Danjo\.cursor\extensions\redhat.java-1.41.1-win32-x64\jre\21.0.6-win32-x86_64\bin\instrument.dll
0x00007ffb963c0000 - 0x00007ffb963df000 	c:\Users\Thomas Danjo\.cursor\extensions\redhat.java-1.41.1-win32-x64\jre\21.0.6-win32-x86_64\bin\java.dll
0x00007ffbcf9c0000 - 0x00007ffbd0229000 	C:\Windows\System32\SHELL32.dll
0x00007ffbccad0000 - 0x00007ffbcd3cf000 	C:\Windows\SYSTEM32\windows.storage.dll
0x00007ffbcc990000 - 0x00007ffbccacf000 	C:\Windows\SYSTEM32\wintypes.dll
0x00007ffbd16a0000 - 0x00007ffbd1799000 	C:\Windows\System32\SHCORE.dll
0x00007ffbd1570000 - 0x00007ffbd15ce000 	C:\Windows\System32\shlwapi.dll
0x00007ffbcead0000 - 0x00007ffbceaf7000 	C:\Windows\SYSTEM32\profapi.dll
0x00007ffb95040000 - 0x00007ffb95058000 	c:\Users\Thomas Danjo\.cursor\extensions\redhat.java-1.41.1-win32-x64\jre\21.0.6-win32-x86_64\bin\zip.dll
0x00007ffba8ac0000 - 0x00007ffba8ad0000 	C:\Users\Thomas Danjo\.cursor\extensions\redhat.java-1.41.1-win32-x64\jre\21.0.6-win32-x86_64\bin\net.dll
0x00007ffbc7030000 - 0x00007ffbc7166000 	C:\Windows\SYSTEM32\WINHTTP.dll
0x00007ffbce110000 - 0x00007ffbce179000 	C:\Windows\system32\mswsock.dll
0x00007ffb92e20000 - 0x00007ffb92e36000 	C:\Users\Thomas Danjo\.cursor\extensions\redhat.java-1.41.1-win32-x64\jre\21.0.6-win32-x86_64\bin\nio.dll
0x00007ffba89c0000 - 0x00007ffba89d0000 	c:\Users\Thomas Danjo\.cursor\extensions\redhat.java-1.41.1-win32-x64\jre\21.0.6-win32-x86_64\bin\verify.dll
0x00007ffb7fb20000 - 0x00007ffb7fb65000 	C:\Users\Thomas Danjo\AppData\Roaming\Cursor\User\globalStorage\redhat.java\1.41.1\config_win\org.eclipse.equinox.launcher\org.eclipse.equinox.launcher.win32.win32.x86_64_1.2.1300.v20250331-1702\eclipse_11911.dll
0x00007ffbd09a0000 - 0x00007ffbd0b45000 	C:\Windows\System32\ole32.dll
0x00007ffbce360000 - 0x00007ffbce37b000 	C:\Windows\SYSTEM32\CRYPTSP.dll
0x00007ffbcdc10000 - 0x00007ffbcdc45000 	C:\Windows\system32\rsaenh.dll
0x00007ffbce1e0000 - 0x00007ffbce208000 	C:\Windows\SYSTEM32\USERENV.dll
0x00007ffbce350000 - 0x00007ffbce35c000 	C:\Windows\SYSTEM32\CRYPTBASE.dll
0x00007ffbcd6e0000 - 0x00007ffbcd70d000 	C:\Windows\SYSTEM32\IPHLPAPI.DLL
0x00007ffbd0f80000 - 0x00007ffbd0f89000 	C:\Windows\System32\NSI.dll
0x00007ffb7d050000 - 0x00007ffb7d099000 	C:\Users\Thomas Danjo\AppData\Local\Temp\jna-1785980026\jna18293400075995735671.dll
0x00007ffbd1490000 - 0x00007ffbd1498000 	C:\Windows\System32\PSAPI.DLL
0x00007ffba8810000 - 0x00007ffba881a000 	C:\Users\Thomas Danjo\.cursor\extensions\redhat.java-1.41.1-win32-x64\jre\21.0.6-win32-x86_64\bin\management.dll
0x00007ffba83a0000 - 0x00007ffba83ab000 	C:\Users\Thomas Danjo\.cursor\extensions\redhat.java-1.41.1-win32-x64\jre\21.0.6-win32-x86_64\bin\management_ext.dll
0x00007ffbc6f20000 - 0x00007ffbc6f39000 	C:\Windows\SYSTEM32\dhcpcsvc6.DLL
0x00007ffbc6cf0000 - 0x00007ffbc6d0f000 	C:\Windows\SYSTEM32\dhcpcsvc.DLL

dbghelp: loaded successfully - version: 4.0.5 - missing functions: none
symbol engine: initialized successfully - sym options: 0x614 - pdb path: .;c:\Users\Thomas Danjo\.cursor\extensions\redhat.java-1.41.1-win32-x64\jre\21.0.6-win32-x86_64\bin;C:\Windows\SYSTEM32;C:\Program Files\Avast Software\Avast;C:\Windows\WinSxS\amd64_microsoft.windows.common-controls_6595b64144ccf1df_6.0.22621.3672_none_2713b9d173822955;c:\Users\Thomas Danjo\.cursor\extensions\redhat.java-1.41.1-win32-x64\jre\21.0.6-win32-x86_64\bin\server;C:\Users\Thomas Danjo\AppData\Roaming\Cursor\User\globalStorage\redhat.java\1.41.1\config_win\org.eclipse.equinox.launcher\org.eclipse.equinox.launcher.win32.win32.x86_64_1.2.1300.v20250331-1702;C:\Users\Thomas Danjo\AppData\Local\Temp\jna-1785980026

VM Arguments:
jvm_args: --add-modules=ALL-SYSTEM --add-opens=java.base/java.util=ALL-UNNAMED --add-opens=java.base/java.lang=ALL-UNNAMED --add-opens=java.base/sun.nio.fs=ALL-UNNAMED -Declipse.application=org.eclipse.jdt.ls.core.id1 -Dosgi.bundles.defaultStartLevel=4 -Declipse.product=org.eclipse.jdt.ls.core.product -Djava.import.generatesMetadataFilesAtProjectRoot=false -DDetectVMInstallationsJob.disabled=true -Dfile.encoding=utf8 -XX:+UseParallelGC -XX:GCTimeRatio=4 -XX:AdaptiveSizePolicyWeight=90 -Dsun.zip.disableMemoryMapping=true -Xmx1G -Xms100m -Xlog:disable -javaagent:c:\Users\Thomas Danjo\.cursor\extensions\redhat.java-1.41.1-win32-x64\lombok\lombok-1.18.36.jar -XX:+HeapDumpOnOutOfMemoryError -XX:HeapDumpPath=c:\Users\Thomas Danjo\AppData\Roaming\Cursor\User\workspaceStorage\52c848ca1aecd90809babdf7ffd07d42\redhat.java -Daether.dependencyCollector.impl=bf 
java_command: c:\Users\Thomas Danjo\.cursor\extensions\redhat.java-1.41.1-win32-x64\server\plugins\org.eclipse.equinox.launcher_1.7.0.v20250331-1702.jar -configuration c:\Users\Thomas Danjo\AppData\Roaming\Cursor\User\globalStorage\redhat.java\1.41.1\config_win -data c:\Users\Thomas Danjo\AppData\Roaming\Cursor\User\workspaceStorage\52c848ca1aecd90809babdf7ffd07d42\redhat.java\jdt_ws --pipe=\\.\pipe\lsp-c929840763b6e6ea4eeaeacae29f1280-sock
java_class_path (initial): c:\Users\Thomas Danjo\.cursor\extensions\redhat.java-1.41.1-win32-x64\server\plugins\org.eclipse.equinox.launcher_1.7.0.v20250331-1702.jar
Launcher Type: SUN_STANDARD

[Global flags]
    uintx AdaptiveSizePolicyWeight                 = 90                                        {product} {command line}
     intx CICompilerCount                          = 12                                        {product} {ergonomic}
    uintx GCTimeRatio                              = 4                                         {product} {command line}
     bool HeapDumpOnOutOfMemoryError               = true                                   {manageable} {command line}
    ccstr HeapDumpPath                             = c:\Users\Thomas Danjo\AppData\Roaming\Cursor\User\workspaceStorage\52c848ca1aecd90809babdf7ffd07d42\redhat.java         {manageable} {command line}
   size_t InitialHeapSize                          = 104857600                                 {product} {command line}
   size_t MaxHeapSize                              = 1073741824                                {product} {command line}
   size_t MaxNewSize                               = 357564416                                 {product} {ergonomic}
   size_t MinHeapDeltaBytes                        = 524288                                    {product} {ergonomic}
   size_t MinHeapSize                              = 104857600                                 {product} {command line}
   size_t NewSize                                  = 34603008                                  {product} {ergonomic}
    uintx NonNMethodCodeHeapSize                   = 7602480                                {pd product} {ergonomic}
    uintx NonProfiledCodeHeapSize                  = 122027880                              {pd product} {ergonomic}
   size_t OldSize                                  = 70254592                                  {product} {ergonomic}
    uintx ProfiledCodeHeapSize                     = 122027880                              {pd product} {ergonomic}
    uintx ReservedCodeCacheSize                    = 251658240                              {pd product} {ergonomic}
     bool SegmentedCodeCache                       = true                                      {product} {ergonomic}
   size_t SoftMaxHeapSize                          = 1073741824                             {manageable} {ergonomic}
     bool UseCompressedOops                        = true                           {product lp64_product} {ergonomic}
     bool UseLargePagesIndividualAllocation        = false                                  {pd product} {ergonomic}
     bool UseParallelGC                            = true                                      {product} {command line}

Logging:
Log output configuration:
 #0: stdout all=off uptime,level,tags foldmultilines=false
 #1: stderr all=off uptime,level,tags foldmultilines=false

Environment Variables:
JAVA_HOME=C:\Users\Thomas Danjo\AppData\Local\Programs\Eclipse Adoptium\jdk-17.0.8.101-hotspot\
PATH=C:\Program Files\NVIDIA GPU Computing Toolkit\CUDA\v11.2\bin;C:\Program Files\NVIDIA GPU Computing Toolkit\CUDA\v11.2\libnvvp;C:\Program Files (x86)\Common Files\Intel\Shared Libraries\redist\intel64\compiler;C:\Windows\system32;C:\Windows;C:\Windows\System32\Wbem;C:\Windows\System32\WindowsPowerShell\v1.0\;C:\Windows\System32\OpenSSH\;C:\Program Files (x86)\NVIDIA Corporation\PhysX\Common;C:\Program Files (x86)\Windows Kits\10\Windows Performance Toolkit\;C:\MinGW\bin;C:\Program Files\Git\cmd;C:\Program Files\dotnet\;C:\Program Files\nodejs\;C:\Program Files\NVIDIA Corporation\Nsight Compute 2020.3.0\;C:\Users\Thomas Danjo\AppData\Local\Programs\Python\Python310\Scripts\;C:\Users\Thomas Danjo\AppData\Local\Programs\Python\Python310\;C:\Users\Thomas Danjo\AppData\Local\Programs\Python\Python311\Scripts\;C:\Users\Thomas Danjo\AppData\Local\Programs\Python\Python311\;C:\Users\Thomas Danjo\AppData\Local\Programs\Python\Launcher;C:\Users\Thomas Danjo\AppData\Roaming\npm;C:\Users\Thomas Danjo\.dotnet\tools;C:\Users\Thomas Danjo\AppData\Local\Programs\Microsoft VS Code\bin;C:\Users\Thomas Danjo\AppData\Local\Programs\cursor\resources\app\bin
USERNAME=Thomas Danjo
OS=Windows_NT
PROCESSOR_IDENTIFIER=Intel64 Family 6 Model 191 Stepping 2, GenuineIntel
TMP=C:\Users\THOMAS~1\AppData\Local\Temp
TEMP=C:\Users\THOMAS~1\AppData\Local\Temp




Periodic native trim disabled

---------------  S Y S T E M  ---------------

OS:
 Windows 11 , 64 bit Build 22621 (10.0.22621.3958)
OS uptime: 3 days 3:41 hours
Hyper-V role detected

CPU: total 24 (initial active 24) (12 cores per cpu, 2 threads per core) family 6 model 191 stepping 2 microcode 0x2c, cx8, cmov, fxsr, ht, mmx, 3dnowpref, sse, sse2, sse3, ssse3, sse4.1, sse4.2, popcnt, lzcnt, tsc, tscinvbit, avx, avx2, aes, erms, clmul, bmi1, bmi2, adx, sha, fma, vzeroupper, clflush, clflushopt, clwb, hv, serialize, rdtscp, rdpid, fsrm, f16c, cet_ibt, cet_ss
Processor Information for processor 0
  Max Mhz: 2100, Current Mhz: 2100, Mhz Limit: 2100
Processor Information for processor 1
  Max Mhz: 2100, Current Mhz: 2100, Mhz Limit: 2100
Processor Information for processor 2
  Max Mhz: 2100, Current Mhz: 2100, Mhz Limit: 2100
Processor Information for processor 3
  Max Mhz: 2100, Current Mhz: 2100, Mhz Limit: 2100
Processor Information for processor 4
  Max Mhz: 2100, Current Mhz: 2100, Mhz Limit: 2100
Processor Information for processor 5
  Max Mhz: 2100, Current Mhz: 2100, Mhz Limit: 2100
Processor Information for processor 6
  Max Mhz: 2100, Current Mhz: 2100, Mhz Limit: 2100
Processor Information for processor 7
  Max Mhz: 2100, Current Mhz: 2100, Mhz Limit: 2100
Processor Information for processor 8
  Max Mhz: 2100, Current Mhz: 2100, Mhz Limit: 2100
Processor Information for processor 9
  Max Mhz: 2100, Current Mhz: 2100, Mhz Limit: 2100
Processor Information for processor 10
  Max Mhz: 2100, Current Mhz: 2100, Mhz Limit: 2100
Processor Information for processor 11
  Max Mhz: 2100, Current Mhz: 2100, Mhz Limit: 2100
Processor Information for processor 12
  Max Mhz: 2100, Current Mhz: 2100, Mhz Limit: 2100
Processor Information for processor 13
  Max Mhz: 2100, Current Mhz: 2100, Mhz Limit: 2100
Processor Information for processor 14
  Max Mhz: 2100, Current Mhz: 2100, Mhz Limit: 2100
Processor Information for processor 15
  Max Mhz: 2100, Current Mhz: 2100, Mhz Limit: 2100
Processor Information for processor 16
  Max Mhz: 2100, Current Mhz: 1500, Mhz Limit: 1491
Processor Information for processor 17
  Max Mhz: 2100, Current Mhz: 1500, Mhz Limit: 1491
Processor Information for processor 18
  Max Mhz: 2100, Current Mhz: 1500, Mhz Limit: 1491
Processor Information for processor 19
  Max Mhz: 2100, Current Mhz: 1500, Mhz Limit: 1491
Processor Information for processor 20
  Max Mhz: 2100, Current Mhz: 1500, Mhz Limit: 1491
Processor Information for processor 21
  Max Mhz: 2100, Current Mhz: 1500, Mhz Limit: 1491
Processor Information for processor 22
  Max Mhz: 2100, Current Mhz: 1500, Mhz Limit: 1491
Processor Information for processor 23
  Max Mhz: 2100, Current Mhz: 1500, Mhz Limit: 1491

Memory: 4k page, system-wide physical 16103M (428M free)
TotalPageFile size 41703M (AvailPageFile size 5M)
current process WorkingSet (physical memory assigned to process): 611M, peak: 614M
current process commit charge ("private bytes"): 588M, peak: 1028M

vm_info: OpenJDK 64-Bit Server VM (21.0.6+7-LTS) for windows-amd64 JRE (21.0.6+7-LTS), built on 2025-01-21T00:00:00Z by "admin" with MS VC++ 17.7 (VS2022)

END.
