#
# There is insufficient memory for the Java Runtime Environment to continue.
# Native memory allocation (malloc) failed to allocate 827744 bytes. Error detail: Chunk::new
# Possible reasons:
#   The system is out of physical RAM or swap space
#   This process is running with CompressedOops enabled, and the Java Heap may be blocking the growth of the native heap
# Possible solutions:
#   Reduce memory load on the system
#   Increase physical memory or swap space
#   Check if swap backing store is full
#   Decrease Java heap size (-Xmx/-Xms)
#   Decrease number of Java threads
#   Decrease Java thread stack sizes (-Xss)
#   Set larger code cache with -XX:ReservedCodeCacheSize=
#   JVM is running with Unscaled Compressed Oops mode in which the Java heap is
#     placed in the first 4GB address space. The Java Heap base address is the
#     maximum limit for the native heap growth. Please use -XX:HeapBaseMinAddress
#     to set the Java Heap base and to place the Java Heap above 4GB virtual address.
# This output file may be truncated or incomplete.
#
#  Out of Memory Error (arena.cpp:168), pid=25200, tid=10704
#
# JRE version: OpenJDK Runtime Environment Temurin-21.0.6+7 (21.0.6+7) (build 21.0.6+7-LTS)
# Java VM: OpenJDK 64-Bit Server VM Temurin-21.0.6+7 (21.0.6+7-LTS, mixed mode, sharing, tiered, compressed oops, compressed class ptrs, parallel gc, windows-amd64)
# No core dump will be written. Minidumps are not enabled by default on client versions of Windows
#

---------------  S U M M A R Y ------------

Command Line: --add-modules=ALL-SYSTEM --add-opens=java.base/java.util=ALL-UNNAMED --add-opens=java.base/java.lang=ALL-UNNAMED --add-opens=java.base/sun.nio.fs=ALL-UNNAMED -Declipse.application=org.eclipse.jdt.ls.core.id1 -Dosgi.bundles.defaultStartLevel=4 -Declipse.product=org.eclipse.jdt.ls.core.product -Djava.import.generatesMetadataFilesAtProjectRoot=false -DDetectVMInstallationsJob.disabled=true -Dfile.encoding=utf8 -XX:+UseParallelGC -XX:GCTimeRatio=4 -XX:AdaptiveSizePolicyWeight=90 -Dsun.zip.disableMemoryMapping=true -Xmx1G -Xms100m -Xlog:disable -javaagent:c:\Users\Thomas Danjo\.cursor\extensions\redhat.java-1.41.1-win32-x64\lombok\lombok-1.18.36.jar -XX:+HeapDumpOnOutOfMemoryError -XX:HeapDumpPath=c:\Users\Thomas Danjo\AppData\Roaming\Cursor\User\workspaceStorage\52c848ca1aecd90809babdf7ffd07d42\redhat.java -Daether.dependencyCollector.impl=bf c:\Users\Thomas Danjo\.cursor\extensions\redhat.java-1.41.1-win32-x64\server\plugins\org.eclipse.equinox.launcher_1.7.0.v20250331-1702.jar -configuration c:\Users\Thomas Danjo\AppData\Roaming\Cursor\User\globalStorage\redhat.java\1.41.1\config_win -data c:\Users\Thomas Danjo\AppData\Roaming\Cursor\User\workspaceStorage\52c848ca1aecd90809babdf7ffd07d42\redhat.java\jdt_ws --pipe=\\.\pipe\lsp-63b9001012801ed512910ed19843d28d-sock

Host: 13th Gen Intel(R) Core(TM) i7-13700HX, 24 cores, 15G,  Windows 11 , 64 bit Build 22621 (10.0.22621.3958)
Time: Fri May  2 23:55:58 2025 Malay Peninsula Standard Time elapsed time: 4.452416 seconds (0d 0h 0m 4s)

---------------  T H R E A D  ---------------

Current thread (0x000001b8db499ab0):  JavaThread "C2 CompilerThread0" daemon [_thread_in_native, id=10704, stack(0x0000005d7d600000,0x0000005d7d700000) (1024K)]


Current CompileTask:
C2:4452 7564       4       org.eclipse.jdt.internal.core.JarPackageFragmentRoot::initRawPackageInfo (292 bytes)

Stack: [0x0000005d7d600000,0x0000005d7d700000]
Native frames: (J=compiled Java code, j=interpreted, Vv=VM code, C=native code)
V  [jvm.dll+0x6cdee9]
V  [jvm.dll+0x8a83d1]
V  [jvm.dll+0x8aa8fe]
V  [jvm.dll+0x8aafe3]
V  [jvm.dll+0x27f706]
V  [jvm.dll+0xc500d]
V  [jvm.dll+0xc5543]
V  [jvm.dll+0x3b678c]
V  [jvm.dll+0x1e0009]
V  [jvm.dll+0x247b42]
V  [jvm.dll+0x246fcf]
V  [jvm.dll+0x1c75ee]
V  [jvm.dll+0x25685a]
V  [jvm.dll+0x254dfa]
V  [jvm.dll+0x3f0256]
V  [jvm.dll+0x851f8b]
V  [jvm.dll+0x6cc5ed]
C  [ucrtbase.dll+0x29333]
C  [KERNEL32.DLL+0x1257d]
C  [ntdll.dll+0x5af08]


---------------  P R O C E S S  ---------------

Threads class SMR info:
_java_thread_list=0x000001b8e6717510, length=61, elements={
0x000001b8c70ba8c0, 0x000001b8db48e320, 0x000001b8db48f180, 0x000001b8db491b20,
0x000001b8db494840, 0x000001b8db496920, 0x000001b8dca12350, 0x000001b8db499ab0,
0x000001b8db49cde0, 0x000001b8dcacfad0, 0x000001b8dcbaa0e0, 0x000001b8dcbb6f90,
0x000001b8dccd74b0, 0x000001b8df220080, 0x000001b8df31e220, 0x000001b8df9be460,
0x000001b8e41c74b0, 0x000001b8e4303a20, 0x000001b8e42c6820, 0x000001b8e4a8f270,
0x000001b8e47b02e0, 0x000001b8e4588d80, 0x000001b8e4886b80, 0x000001b8e48878a0,
0x000001b8e4887210, 0x000001b8e4888c50, 0x000001b8e4885e60, 0x000001b8e48864f0,
0x000001b8e5ae4ea0, 0x000001b8e5ae6250, 0x000001b8e5adffe0, 0x000001b8e5ae6f70,
0x000001b8e5ae5530, 0x000001b8e5ae4810, 0x000001b8e5ae68e0, 0x000001b8e5ae5bc0,
0x000001b8e5ae7600, 0x000001b8e5ae0670, 0x000001b8e5ae2740, 0x000001b8e5ae0d00,
0x000001b8e5ae1390, 0x000001b8e5ae1a20, 0x000001b8e5ae3af0, 0x000001b8e5ae2dd0,
0x000001b8e5ae3460, 0x000001b8e5ae20b0, 0x000001b8e5ae4180, 0x000001b8e5f4b410,
0x000001b8e5f4f5b0, 0x000001b8e5f4fc40, 0x000001b8e5f4c7c0, 0x000001b8e5f4baa0,
0x000001b8e5f502d0, 0x000001b8e5f50960, 0x000001b8e5f50ff0, 0x000001b8e5f51680,
0x000001b8e5f4ef20, 0x000001b8e5f4ce50, 0x000001b8e5f4d4e0, 0x000001b8e5f4e200,
0x000001b8e62c4430
}

Java Threads: ( => current thread )
  0x000001b8c70ba8c0 JavaThread "main"                              [_thread_blocked, id=14848, stack(0x0000005d7cc00000,0x0000005d7cd00000) (1024K)]
  0x000001b8db48e320 JavaThread "Reference Handler"          daemon [_thread_blocked, id=34824, stack(0x0000005d7d000000,0x0000005d7d100000) (1024K)]
  0x000001b8db48f180 JavaThread "Finalizer"                  daemon [_thread_blocked, id=37524, stack(0x0000005d7d100000,0x0000005d7d200000) (1024K)]
  0x000001b8db491b20 JavaThread "Signal Dispatcher"          daemon [_thread_blocked, id=19232, stack(0x0000005d7d200000,0x0000005d7d300000) (1024K)]
  0x000001b8db494840 JavaThread "Attach Listener"            daemon [_thread_blocked, id=49760, stack(0x0000005d7d300000,0x0000005d7d400000) (1024K)]
  0x000001b8db496920 JavaThread "Service Thread"             daemon [_thread_blocked, id=35048, stack(0x0000005d7d400000,0x0000005d7d500000) (1024K)]
  0x000001b8dca12350 JavaThread "Monitor Deflation Thread"   daemon [_thread_blocked, id=17216, stack(0x0000005d7d500000,0x0000005d7d600000) (1024K)]
=>0x000001b8db499ab0 JavaThread "C2 CompilerThread0"         daemon [_thread_in_native, id=10704, stack(0x0000005d7d600000,0x0000005d7d700000) (1024K)]
  0x000001b8db49cde0 JavaThread "C1 CompilerThread0"         daemon [_thread_blocked, id=48620, stack(0x0000005d7d700000,0x0000005d7d800000) (1024K)]
  0x000001b8dcacfad0 JavaThread "C1 CompilerThread1"         daemon [_thread_blocked, id=58784, stack(0x0000005d7d800000,0x0000005d7d900000) (1024K)]
  0x000001b8dcbaa0e0 JavaThread "Common-Cleaner"             daemon [_thread_blocked, id=52864, stack(0x0000005d7d900000,0x0000005d7da00000) (1024K)]
  0x000001b8dcbb6f90 JavaThread "C2 CompilerThread1"         daemon [_thread_in_native, id=57660, stack(0x0000005d7da00000,0x0000005d7db00000) (1024K)]
  0x000001b8dccd74b0 JavaThread "C1 CompilerThread2"         daemon [_thread_blocked, id=29152, stack(0x0000005d7db00000,0x0000005d7dc00000) (1024K)]
  0x000001b8df220080 JavaThread "C1 CompilerThread3"         daemon [_thread_blocked, id=58112, stack(0x0000005d7dc00000,0x0000005d7dd00000) (1024K)]
  0x000001b8df31e220 JavaThread "Notification Thread"        daemon [_thread_blocked, id=21664, stack(0x0000005d7dd00000,0x0000005d7de00000) (1024K)]
  0x000001b8df9be460 JavaThread "Active Thread: Equinox Container: 233ab6cb-f3d2-4505-9fc5-1e44035e1e10"        [_thread_blocked, id=15704, stack(0x0000005d7e400000,0x0000005d7e500000) (1024K)]
  0x000001b8e41c74b0 JavaThread "Refresh Thread: Equinox Container: 233ab6cb-f3d2-4505-9fc5-1e44035e1e10" daemon [_thread_blocked, id=56084, stack(0x0000005d7e600000,0x0000005d7e700000) (1024K)]
  0x000001b8e4303a20 JavaThread "Framework Event Dispatcher: Equinox Container: 233ab6cb-f3d2-4505-9fc5-1e44035e1e10" daemon [_thread_blocked, id=52268, stack(0x0000005d7e700000,0x0000005d7e800000) (1024K)]
  0x000001b8e42c6820 JavaThread "Start Level: Equinox Container: 233ab6cb-f3d2-4505-9fc5-1e44035e1e10" daemon [_thread_blocked, id=55136, stack(0x0000005d7e800000,0x0000005d7e900000) (1024K)]
  0x000001b8e4a8f270 JavaThread "Bundle File Closer"         daemon [_thread_blocked, id=16556, stack(0x0000005d7e900000,0x0000005d7ea00000) (1024K)]
  0x000001b8e47b02e0 JavaThread "SCR Component Actor"        daemon [_thread_blocked, id=15816, stack(0x0000005d7ec00000,0x0000005d7ed00000) (1024K)]
  0x000001b8e4588d80 JavaThread "SCR Component Registry"     daemon [_thread_blocked, id=59520, stack(0x0000005d7ed00000,0x0000005d7ee00000) (1024K)]
  0x000001b8e4886b80 JavaThread "Worker-JM"                         [_thread_blocked, id=58916, stack(0x0000005d7f000000,0x0000005d7f100000) (1024K)]
  0x000001b8e48878a0 JavaThread "Worker-0"                          [_thread_blocked, id=32100, stack(0x0000005d7f100000,0x0000005d7f200000) (1024K)]
  0x000001b8e4887210 JavaThread "Worker-1"                          [_thread_blocked, id=16064, stack(0x0000005d7f500000,0x0000005d7f600000) (1024K)]
  0x000001b8e4888c50 JavaThread "Java indexing"              daemon [_thread_blocked, id=11700, stack(0x0000005d7f900000,0x0000005d7fa00000) (1024K)]
  0x000001b8e4885e60 JavaThread "JNA Cleaner"                daemon [_thread_blocked, id=59272, stack(0x0000005d7fa00000,0x0000005d7fb00000) (1024K)]
  0x000001b8e48864f0 JavaThread "Worker-2"                          [_thread_blocked, id=55080, stack(0x0000005d7fb00000,0x0000005d7fc00000) (1024K)]
  0x000001b8e5ae4ea0 JavaThread "Worker-3"                          [_thread_blocked, id=19744, stack(0x0000005d7fc00000,0x0000005d7fd00000) (1024K)]
  0x000001b8e5ae6250 JavaThread "Thread-2"                   daemon [_thread_in_native, id=54340, stack(0x0000005d7fd00000,0x0000005d7fe00000) (1024K)]
  0x000001b8e5adffe0 JavaThread "Thread-3"                   daemon [_thread_in_native, id=15716, stack(0x0000005d7fe00000,0x0000005d7ff00000) (1024K)]
  0x000001b8e5ae6f70 JavaThread "Thread-4"                   daemon [_thread_in_native, id=37692, stack(0x0000005d7ff00000,0x0000005d80000000) (1024K)]
  0x000001b8e5ae5530 JavaThread "Thread-5"                   daemon [_thread_in_native, id=28216, stack(0x0000005d00000000,0x0000005d00100000) (1024K)]
  0x000001b8e5ae4810 JavaThread "Thread-6"                   daemon [_thread_in_native, id=4416, stack(0x0000005d00100000,0x0000005d00200000) (1024K)]
  0x000001b8e5ae68e0 JavaThread "Thread-7"                   daemon [_thread_in_native, id=45972, stack(0x0000005d00200000,0x0000005d00300000) (1024K)]
  0x000001b8e5ae5bc0 JavaThread "Thread-8"                   daemon [_thread_in_native, id=11324, stack(0x0000005d00300000,0x0000005d00400000) (1024K)]
  0x000001b8e5ae7600 JavaThread "Thread-9"                   daemon [_thread_in_native, id=20260, stack(0x0000005d00400000,0x0000005d00500000) (1024K)]
  0x000001b8e5ae0670 JavaThread "Thread-10"                  daemon [_thread_in_native, id=33848, stack(0x0000005d00500000,0x0000005d00600000) (1024K)]
  0x000001b8e5ae2740 JavaThread "Thread-11"                  daemon [_thread_in_native, id=57220, stack(0x0000005d00600000,0x0000005d00700000) (1024K)]
  0x000001b8e5ae0d00 JavaThread "Thread-12"                  daemon [_thread_in_native, id=49744, stack(0x0000005d00700000,0x0000005d00800000) (1024K)]
  0x000001b8e5ae1390 JavaThread "Thread-13"                  daemon [_thread_in_native, id=28184, stack(0x0000005d00800000,0x0000005d00900000) (1024K)]
  0x000001b8e5ae1a20 JavaThread "Thread-14"                  daemon [_thread_in_native, id=13472, stack(0x0000005d00900000,0x0000005d00a00000) (1024K)]
  0x000001b8e5ae3af0 JavaThread "Thread-15"                  daemon [_thread_in_native, id=9532, stack(0x0000005d00a00000,0x0000005d00b00000) (1024K)]
  0x000001b8e5ae2dd0 JavaThread "Thread-16"                  daemon [_thread_in_native, id=48484, stack(0x0000005d00b00000,0x0000005d00c00000) (1024K)]
  0x000001b8e5ae3460 JavaThread "Thread-17"                  daemon [_thread_in_native, id=5136, stack(0x0000005d00c00000,0x0000005d00d00000) (1024K)]
  0x000001b8e5ae20b0 JavaThread "Thread-18"                  daemon [_thread_in_native, id=57236, stack(0x0000005d00d00000,0x0000005d00e00000) (1024K)]
  0x000001b8e5ae4180 JavaThread "Thread-19"                  daemon [_thread_in_native, id=49024, stack(0x0000005d00e00000,0x0000005d00f00000) (1024K)]
  0x000001b8e5f4b410 JavaThread "Thread-20"                  daemon [_thread_in_native, id=47464, stack(0x0000005d00f00000,0x0000005d01000000) (1024K)]
  0x000001b8e5f4f5b0 JavaThread "Thread-21"                  daemon [_thread_in_native, id=59528, stack(0x0000005d01000000,0x0000005d01100000) (1024K)]
  0x000001b8e5f4fc40 JavaThread "Thread-22"                  daemon [_thread_in_native, id=31516, stack(0x0000005d01100000,0x0000005d01200000) (1024K)]
  0x000001b8e5f4c7c0 JavaThread "Thread-23"                  daemon [_thread_in_native, id=57540, stack(0x0000005d01200000,0x0000005d01300000) (1024K)]
  0x000001b8e5f4baa0 JavaThread "Thread-24"                  daemon [_thread_in_native, id=56028, stack(0x0000005d01300000,0x0000005d01400000) (1024K)]
  0x000001b8e5f502d0 JavaThread "Thread-25"                  daemon [_thread_in_native, id=27872, stack(0x0000005d01400000,0x0000005d01500000) (1024K)]
  0x000001b8e5f50960 JavaThread "Thread-26"                  daemon [_thread_in_native, id=37768, stack(0x0000005d01500000,0x0000005d01600000) (1024K)]
  0x000001b8e5f50ff0 JavaThread "pool-2-thread-1"                   [_thread_blocked, id=57396, stack(0x0000005d01600000,0x0000005d01700000) (1024K)]
  0x000001b8e5f51680 JavaThread "WorkspaceEventsHandler"            [_thread_blocked, id=57152, stack(0x0000005d01700000,0x0000005d01800000) (1024K)]
  0x000001b8e5f4ef20 JavaThread "pool-1-thread-1"                   [_thread_blocked, id=23464, stack(0x0000005d01800000,0x0000005d01900000) (1024K)]
  0x000001b8e5f4ce50 JavaThread "Worker-4"                          [_thread_blocked, id=44492, stack(0x0000005d01900000,0x0000005d01a00000) (1024K)]
  0x000001b8e5f4d4e0 JavaThread "Worker-5: Initialize Workspace"        [_thread_in_vm, id=19268, stack(0x0000005d01b00000,0x0000005d01c00000) (1024K)]
  0x000001b8e5f4e200 JavaThread "Keep-Alive-Timer"           daemon [_thread_blocked, id=18376, stack(0x0000005d01c00000,0x0000005d01d00000) (1024K)]
  0x000001b8e62c4430 JavaThread "C2 CompilerThread2"         daemon [_thread_in_native, id=38380, stack(0x0000005d01d00000,0x0000005d01e00000) (1024K)]
Total: 61

Other Threads:
  0x000001b8c715e300 VMThread "VM Thread"                           [id=29400, stack(0x0000005d7cf00000,0x0000005d7d000000) (1024K)]
  0x000001b8c71294e0 WatcherThread "VM Periodic Task Thread"        [id=50576, stack(0x0000005d7ce00000,0x0000005d7cf00000) (1024K)]
  0x000001b8c70d8b30 WorkerThread "GC Thread#0"                     [id=57800, stack(0x0000005d7cd00000,0x0000005d7ce00000) (1024K)]
  0x000001b8dfa0bfe0 WorkerThread "GC Thread#1"                     [id=26188, stack(0x0000005d7de00000,0x0000005d7df00000) (1024K)]
  0x000001b8df5b4c00 WorkerThread "GC Thread#2"                     [id=42516, stack(0x0000005d7df00000,0x0000005d7e000000) (1024K)]
  0x000001b8df5b4fa0 WorkerThread "GC Thread#3"                     [id=32460, stack(0x0000005d7e000000,0x0000005d7e100000) (1024K)]
  0x000001b8df5b5340 WorkerThread "GC Thread#4"                     [id=55448, stack(0x0000005d7e100000,0x0000005d7e200000) (1024K)]
  0x000001b8df5b56e0 WorkerThread "GC Thread#5"                     [id=9108, stack(0x0000005d7e200000,0x0000005d7e300000) (1024K)]
  0x000001b8df8958f0 WorkerThread "GC Thread#6"                     [id=38140, stack(0x0000005d7e300000,0x0000005d7e400000) (1024K)]
  0x000001b8e408bdf0 WorkerThread "GC Thread#7"                     [id=56080, stack(0x0000005d7e500000,0x0000005d7e600000) (1024K)]
  0x000001b8e4a90cc0 WorkerThread "GC Thread#8"                     [id=49432, stack(0x0000005d7ea00000,0x0000005d7eb00000) (1024K)]
  0x000001b8e48fb550 WorkerThread "GC Thread#9"                     [id=46784, stack(0x0000005d7eb00000,0x0000005d7ec00000) (1024K)]
  0x000001b8e48fc030 WorkerThread "GC Thread#10"                    [id=2264, stack(0x0000005d7ee00000,0x0000005d7ef00000) (1024K)]
  0x000001b8e48fc3d0 WorkerThread "GC Thread#11"                    [id=59004, stack(0x0000005d7ef00000,0x0000005d7f000000) (1024K)]
  0x000001b8e48fc770 WorkerThread "GC Thread#12"                    [id=36716, stack(0x0000005d7f200000,0x0000005d7f300000) (1024K)]
  0x000001b8e48fcb10 WorkerThread "GC Thread#13"                    [id=19980, stack(0x0000005d7f300000,0x0000005d7f400000) (1024K)]
  0x000001b8e48fb1b0 WorkerThread "GC Thread#14"                    [id=37020, stack(0x0000005d7f400000,0x0000005d7f500000) (1024K)]
  0x000001b8e56bdb80 WorkerThread "GC Thread#15"                    [id=42652, stack(0x0000005d7f600000,0x0000005d7f700000) (1024K)]
  0x000001b8e56bc220 WorkerThread "GC Thread#16"                    [id=43100, stack(0x0000005d7f700000,0x0000005d7f800000) (1024K)]
  0x000001b8e56bb740 WorkerThread "GC Thread#17"                    [id=55400, stack(0x0000005d7f800000,0x0000005d7f900000) (1024K)]
Total: 20

Threads with active compile tasks:
C2 CompilerThread0  4478 7564       4       org.eclipse.jdt.internal.core.JarPackageFragmentRoot::initRawPackageInfo (292 bytes)
C2 CompilerThread1  4478 7526       4       jdk.internal.jrtfs.JrtPath::getName (116 bytes)
C1 CompilerThread3  4478 7699       2       org.eclipse.jdt.internal.core.OverflowingLRUCache::updateTimestamp (43 bytes)
C2 CompilerThread2  4478 7525       4       jdk.internal.jrtfs.JrtPath::getName (6 bytes)
Total: 4

VM state: not at safepoint (normal execution)

VM Mutex/Monitor currently owned by a thread:  ([mutex/lock_event])
[0x00007ffa1428cf00] MethodCompileQueue_lock - owner thread: 0x000001b8df220080
[0x00007ffa1428e280] CodeCache_lock - owner thread: 0x000001b8df220080

Heap address: 0x00000000c0000000, size: 1024 MB, Compressed Oops mode: 32-bit

CDS archive(s) mapped at: [0x000001b880000000-0x000001b880ba0000-0x000001b880ba0000), size 12189696, SharedBaseAddress: 0x000001b880000000, ArchiveRelocationMode: 1.
Compressed class space mapped at: 0x000001b881000000-0x000001b8c1000000, reserved size: 1073741824
Narrow klass base: 0x000001b880000000, Narrow klass shift: 0, Narrow klass range: 0x100000000

GC Precious Log:
 CardTable entry size: 512
 CPUs: 24 total, 24 available
 Memory: 16103M
 Large Page Support: Disabled
 NUMA Support: Disabled
 Compressed Oops: Enabled (32-bit)
 Alignments: Space 512K, Generation 512K, Heap 2M
 Heap Min Capacity: 100M
 Heap Initial Capacity: 100M
 Heap Max Capacity: 1G
 Pre-touch: Disabled
 Parallel Workers: 18

Heap:
 PSYoungGen      total 23552K, used 7324K [0x00000000eab00000, 0x00000000ec680000, 0x0000000100000000)
  eden space 20992K, 23% used [0x00000000eab00000,0x00000000eafe9168,0x00000000ebf80000)
  from space 2560K, 89% used [0x00000000ebf80000,0x00000000ec1be200,0x00000000ec200000)
  to   space 3584K, 0% used [0x00000000ec300000,0x00000000ec300000,0x00000000ec680000)
 ParOldGen       total 68608K, used 36275K [0x00000000c0000000, 0x00000000c4300000, 0x00000000eab00000)
  object space 68608K, 52% used [0x00000000c0000000,0x00000000c236cdd8,0x00000000c4300000)
 Metaspace       used 52130K, committed 53248K, reserved 1114112K
  class space    used 5551K, committed 6016K, reserved 1048576K

Card table byte_map: [0x000001b8c6a70000,0x000001b8c6c80000] _byte_map_base: 0x000001b8c6470000

Marking Bits: (ParMarkBitMap*) 0x00007ffa14293260
 Begin Bits: [0x000001b8d92a0000, 0x000001b8da2a0000)
 End Bits:   [0x000001b8da2a0000, 0x000001b8db2a0000)

Polling page: 0x000001b8c4fb0000

Metaspace:

Usage:
  Non-class:     45.49 MB used.
      Class:      5.42 MB used.
       Both:     50.91 MB used.

Virtual space:
  Non-class space:       64.00 MB reserved,      46.12 MB ( 72%) committed,  1 nodes.
      Class space:        1.00 GB reserved,       5.88 MB ( <1%) committed,  1 nodes.
             Both:        1.06 GB reserved,      52.00 MB (  5%) committed. 

Chunk freelists:
   Non-Class:  1.11 MB
       Class:  10.11 MB
        Both:  11.22 MB

MaxMetaspaceSize: unlimited
CompressedClassSpaceSize: 1.00 GB
Initial GC threshold: 21.00 MB
Current GC threshold: 58.38 MB
CDS: on
 - commit_granule_bytes: 65536.
 - commit_granule_words: 8192.
 - virtual_space_node_default_size: 8388608.
 - enlarge_chunks_in_place: 1.
 - use_allocation_guard: 0.


Internal statistics:

num_allocs_failed_limit: 6.
num_arena_births: 798.
num_arena_deaths: 14.
num_vsnodes_births: 2.
num_vsnodes_deaths: 0.
num_space_committed: 832.
num_space_uncommitted: 0.
num_chunks_returned_to_freelist: 20.
num_chunks_taken_from_freelist: 2865.
num_chunk_merges: 12.
num_chunk_splits: 1830.
num_chunks_enlarged: 1121.
num_inconsistent_stats: 0.

CodeHeap 'non-profiled nmethods': size=119168Kb used=3506Kb max_used=3506Kb free=115661Kb
 bounds [0x000001b8d1e40000, 0x000001b8d21b0000, 0x000001b8d92a0000]
CodeHeap 'profiled nmethods': size=119104Kb used=14917Kb max_used=14917Kb free=104186Kb
 bounds [0x000001b8ca2a0000, 0x000001b8cb140000, 0x000001b8d16f0000]
CodeHeap 'non-nmethods': size=7488Kb used=3101Kb max_used=3175Kb free=4386Kb
 bounds [0x000001b8d16f0000, 0x000001b8d1a10000, 0x000001b8d1e40000]
 total_blobs=7815 nmethods=7099 adapters=619
 compilation: enabled
              stopped_count=0, restarted_count=0
 full_count=0

Compilation events (20 events):
Event: 4.442 Thread 0x000001b8db49cde0 nmethod 7624 0x000001b8d219d690 code [0x000001b8d219d820, 0x000001b8d219d8f0]
Event: 4.442 Thread 0x000001b8dcacfad0 nmethod 7626 0x000001b8d219d990 code [0x000001b8d219db20, 0x000001b8d219dbe8]
Event: 4.442 Thread 0x000001b8df220080 7628       2       org.eclipse.jdt.internal.core.JavaElement::appendEscapedDelimiter (14 bytes)
Event: 4.442 Thread 0x000001b8df220080 nmethod 7628 0x000001b8cb117590 code [0x000001b8cb117740, 0x000001b8cb1178a8]
Event: 4.442 Thread 0x000001b8df220080 7629       2       org.eclipse.core.internal.resources.ResourceInfo::isSet (11 bytes)
Event: 4.442 Thread 0x000001b8df220080 nmethod 7629 0x000001b8cb117990 code [0x000001b8cb117b20, 0x000001b8cb117c48]
Event: 4.446 Thread 0x000001b8df220080 7630       2       org.eclipse.jdt.internal.core.JavaModelCache::getInfo (156 bytes)
Event: 4.446 Thread 0x000001b8db49cde0 7631       2       org.eclipse.core.internal.resources.Project::isOpen (17 bytes)
Event: 4.446 Thread 0x000001b8db49cde0 nmethod 7631 0x000001b8cb117d10 code [0x000001b8cb117ec0, 0x000001b8cb118028]
Event: 4.446 Thread 0x000001b8df220080 nmethod 7630 0x000001b8cb118110 code [0x000001b8cb118420, 0x000001b8cb119060]
Event: 4.447 Thread 0x000001b8db49cde0 7632       2       org.eclipse.core.runtime.Path::toString (210 bytes)
Event: 4.447 Thread 0x000001b8df220080 7633   !   2       java.io.File::toPath (54 bytes)
Event: 4.448 Thread 0x000001b8df220080 nmethod 7633 0x000001b8cb119590 code [0x000001b8cb119740, 0x000001b8cb119a90]
Event: 4.448 Thread 0x000001b8db49cde0 nmethod 7632 0x000001b8cb119c10 code [0x000001b8cb119e20, 0x000001b8cb11a3d8]
Event: 4.448 Thread 0x000001b8db49cde0 7634       1       org.eclipse.core.internal.resources.ProjectInfo::getDescription (5 bytes)
Event: 4.448 Thread 0x000001b8db49cde0 nmethod 7634 0x000001b8d219dc90 code [0x000001b8d219de20, 0x000001b8d219dee8]
Event: 4.449 Thread 0x000001b8db49cde0 7635       2       org.eclipse.core.internal.resources.ResourceInfo::getType (10 bytes)
Event: 4.449 Thread 0x000001b8dcacfad0 7636       2       org.eclipse.core.internal.resources.ResourceInfo::getBits (6 bytes)
Event: 4.449 Thread 0x000001b8dcacfad0 nmethod 7636 0x000001b8cb11a790 code [0x000001b8cb11a920, 0x000001b8cb11aa10]
Event: 4.449 Thread 0x000001b8db49cde0 nmethod 7635 0x000001b8cb11aa90 code [0x000001b8cb11ac20, 0x000001b8cb11ad10]

GC Heap History (20 events):
Event: 3.204 GC heap before
{Heap before GC invocations=17 (full 2):
 PSYoungGen      total 23552K, used 23222K [0x00000000eab00000, 0x00000000ec700000, 0x0000000100000000)
  eden space 22016K, 100% used [0x00000000eab00000,0x00000000ec080000,0x00000000ec080000)
  from space 1536K, 78% used [0x00000000ec580000,0x00000000ec6adb38,0x00000000ec700000)
  to   space 1536K, 0% used [0x00000000ec400000,0x00000000ec400000,0x00000000ec580000)
 ParOldGen       total 68608K, used 18706K [0x00000000c0000000, 0x00000000c4300000, 0x00000000eab00000)
  object space 68608K, 27% used [0x00000000c0000000,0x00000000c1244a80,0x00000000c4300000)
 Metaspace       used 39218K, committed 40256K, reserved 1114112K
  class space    used 3995K, committed 4416K, reserved 1048576K
}
Event: 3.205 GC heap after
{Heap after GC invocations=17 (full 2):
 PSYoungGen      total 23552K, used 1088K [0x00000000eab00000, 0x00000000ec600000, 0x0000000100000000)
  eden space 22016K, 0% used [0x00000000eab00000,0x00000000eab00000,0x00000000ec080000)
  from space 1536K, 70% used [0x00000000ec400000,0x00000000ec510000,0x00000000ec580000)
  to   space 512K, 0% used [0x00000000ec580000,0x00000000ec580000,0x00000000ec600000)
 ParOldGen       total 68608K, used 19522K [0x00000000c0000000, 0x00000000c4300000, 0x00000000eab00000)
  object space 68608K, 28% used [0x00000000c0000000,0x00000000c1310ab0,0x00000000c4300000)
 Metaspace       used 39218K, committed 40256K, reserved 1114112K
  class space    used 3995K, committed 4416K, reserved 1048576K
}
Event: 3.336 GC heap before
{Heap before GC invocations=18 (full 2):
 PSYoungGen      total 23552K, used 23104K [0x00000000eab00000, 0x00000000ec600000, 0x0000000100000000)
  eden space 22016K, 100% used [0x00000000eab00000,0x00000000ec080000,0x00000000ec080000)
  from space 1536K, 70% used [0x00000000ec400000,0x00000000ec510000,0x00000000ec580000)
  to   space 512K, 0% used [0x00000000ec580000,0x00000000ec580000,0x00000000ec600000)
 ParOldGen       total 68608K, used 19522K [0x00000000c0000000, 0x00000000c4300000, 0x00000000eab00000)
  object space 68608K, 28% used [0x00000000c0000000,0x00000000c1310ab0,0x00000000c4300000)
 Metaspace       used 41766K, committed 42816K, reserved 1114112K
  class space    used 4345K, committed 4800K, reserved 1048576K
}
Event: 3.337 GC heap after
{Heap after GC invocations=18 (full 2):
 PSYoungGen      total 22528K, used 496K [0x00000000eab00000, 0x00000000ec600000, 0x0000000100000000)
  eden space 22016K, 0% used [0x00000000eab00000,0x00000000eab00000,0x00000000ec080000)
  from space 512K, 96% used [0x00000000ec580000,0x00000000ec5fc010,0x00000000ec600000)
  to   space 2048K, 0% used [0x00000000ec200000,0x00000000ec200000,0x00000000ec400000)
 ParOldGen       total 68608K, used 20637K [0x00000000c0000000, 0x00000000c4300000, 0x00000000eab00000)
  object space 68608K, 30% used [0x00000000c0000000,0x00000000c14275e8,0x00000000c4300000)
 Metaspace       used 41766K, committed 42816K, reserved 1114112K
  class space    used 4345K, committed 4800K, reserved 1048576K
}
Event: 3.494 GC heap before
{Heap before GC invocations=19 (full 2):
 PSYoungGen      total 22528K, used 22512K [0x00000000eab00000, 0x00000000ec600000, 0x0000000100000000)
  eden space 22016K, 100% used [0x00000000eab00000,0x00000000ec080000,0x00000000ec080000)
  from space 512K, 96% used [0x00000000ec580000,0x00000000ec5fc010,0x00000000ec600000)
  to   space 2048K, 0% used [0x00000000ec200000,0x00000000ec200000,0x00000000ec400000)
 ParOldGen       total 68608K, used 20637K [0x00000000c0000000, 0x00000000c4300000, 0x00000000eab00000)
  object space 68608K, 30% used [0x00000000c0000000,0x00000000c14275e8,0x00000000c4300000)
 Metaspace       used 44253K, committed 45312K, reserved 1114112K
  class space    used 4641K, committed 5056K, reserved 1048576K
}
Event: 3.495 GC heap after
{Heap after GC invocations=19 (full 2):
 PSYoungGen      total 24064K, used 1248K [0x00000000eab00000, 0x00000000ec600000, 0x0000000100000000)
  eden space 22016K, 0% used [0x00000000eab00000,0x00000000eab00000,0x00000000ec080000)
  from space 2048K, 60% used [0x00000000ec200000,0x00000000ec338000,0x00000000ec400000)
  to   space 1536K, 0% used [0x00000000ec480000,0x00000000ec480000,0x00000000ec600000)
 ParOldGen       total 68608K, used 21125K [0x00000000c0000000, 0x00000000c4300000, 0x00000000eab00000)
  object space 68608K, 30% used [0x00000000c0000000,0x00000000c14a1608,0x00000000c4300000)
 Metaspace       used 44253K, committed 45312K, reserved 1114112K
  class space    used 4641K, committed 5056K, reserved 1048576K
}
Event: 3.721 GC heap before
{Heap before GC invocations=20 (full 2):
 PSYoungGen      total 24064K, used 23264K [0x00000000eab00000, 0x00000000ec600000, 0x0000000100000000)
  eden space 22016K, 100% used [0x00000000eab00000,0x00000000ec080000,0x00000000ec080000)
  from space 2048K, 60% used [0x00000000ec200000,0x00000000ec338000,0x00000000ec400000)
  to   space 1536K, 0% used [0x00000000ec480000,0x00000000ec480000,0x00000000ec600000)
 ParOldGen       total 68608K, used 21125K [0x00000000c0000000, 0x00000000c4300000, 0x00000000eab00000)
  object space 68608K, 30% used [0x00000000c0000000,0x00000000c14a1608,0x00000000c4300000)
 Metaspace       used 46778K, committed 47744K, reserved 1114112K
  class space    used 4985K, committed 5376K, reserved 1048576K
}
Event: 3.723 GC heap after
{Heap after GC invocations=20 (full 2):
 PSYoungGen      total 23552K, used 1520K [0x00000000eab00000, 0x00000000ec780000, 0x0000000100000000)
  eden space 22016K, 0% used [0x00000000eab00000,0x00000000eab00000,0x00000000ec080000)
  from space 1536K, 98% used [0x00000000ec480000,0x00000000ec5fc010,0x00000000ec600000)
  to   space 3584K, 0% used [0x00000000ec080000,0x00000000ec080000,0x00000000ec400000)
 ParOldGen       total 68608K, used 22524K [0x00000000c0000000, 0x00000000c4300000, 0x00000000eab00000)
  object space 68608K, 32% used [0x00000000c0000000,0x00000000c15ff308,0x00000000c4300000)
 Metaspace       used 46778K, committed 47744K, reserved 1114112K
  class space    used 4985K, committed 5376K, reserved 1048576K
}
Event: 3.987 GC heap before
{Heap before GC invocations=21 (full 2):
 PSYoungGen      total 23552K, used 23536K [0x00000000eab00000, 0x00000000ec780000, 0x0000000100000000)
  eden space 22016K, 100% used [0x00000000eab00000,0x00000000ec080000,0x00000000ec080000)
  from space 1536K, 98% used [0x00000000ec480000,0x00000000ec5fc010,0x00000000ec600000)
  to   space 3584K, 0% used [0x00000000ec080000,0x00000000ec080000,0x00000000ec400000)
 ParOldGen       total 68608K, used 22524K [0x00000000c0000000, 0x00000000c4300000, 0x00000000eab00000)
  object space 68608K, 32% used [0x00000000c0000000,0x00000000c15ff308,0x00000000c4300000)
 Metaspace       used 49193K, committed 50304K, reserved 1114112K
  class space    used 5247K, committed 5696K, reserved 1048576K
}
Event: 3.989 GC heap after
{Heap after GC invocations=21 (full 2):
 PSYoungGen      total 23552K, used 1433K [0x00000000eab00000, 0x00000000ec500000, 0x0000000100000000)
  eden space 22016K, 0% used [0x00000000eab00000,0x00000000eab00000,0x00000000ec080000)
  from space 1536K, 93% used [0x00000000ec080000,0x00000000ec1e6580,0x00000000ec200000)
  to   space 2048K, 0% used [0x00000000ec300000,0x00000000ec300000,0x00000000ec500000)
 ParOldGen       total 68608K, used 24006K [0x00000000c0000000, 0x00000000c4300000, 0x00000000eab00000)
  object space 68608K, 34% used [0x00000000c0000000,0x00000000c1771a90,0x00000000c4300000)
 Metaspace       used 49193K, committed 50304K, reserved 1114112K
  class space    used 5247K, committed 5696K, reserved 1048576K
}
Event: 4.263 GC heap before
{Heap before GC invocations=22 (full 2):
 PSYoungGen      total 23552K, used 23449K [0x00000000eab00000, 0x00000000ec500000, 0x0000000100000000)
  eden space 22016K, 100% used [0x00000000eab00000,0x00000000ec080000,0x00000000ec080000)
  from space 1536K, 93% used [0x00000000ec080000,0x00000000ec1e6580,0x00000000ec200000)
  to   space 2048K, 0% used [0x00000000ec300000,0x00000000ec300000,0x00000000ec500000)
 ParOldGen       total 68608K, used 24006K [0x00000000c0000000, 0x00000000c4300000, 0x00000000eab00000)
  object space 68608K, 34% used [0x00000000c0000000,0x00000000c1771a90,0x00000000c4300000)
 Metaspace       used 51523K, committed 52672K, reserved 1114112K
  class space    used 5476K, committed 5952K, reserved 1048576K
}
Event: 4.265 GC heap after
{Heap after GC invocations=22 (full 2):
 PSYoungGen      total 24064K, used 1760K [0x00000000eab00000, 0x00000000ec500000, 0x0000000100000000)
  eden space 22016K, 0% used [0x00000000eab00000,0x00000000eab00000,0x00000000ec080000)
  from space 2048K, 85% used [0x00000000ec300000,0x00000000ec4b8020,0x00000000ec500000)
  to   space 2048K, 0% used [0x00000000ec100000,0x00000000ec100000,0x00000000ec300000)
 ParOldGen       total 68608K, used 25124K [0x00000000c0000000, 0x00000000c4300000, 0x00000000eab00000)
  object space 68608K, 36% used [0x00000000c0000000,0x00000000c1889370,0x00000000c4300000)
 Metaspace       used 51523K, committed 52672K, reserved 1114112K
  class space    used 5476K, committed 5952K, reserved 1048576K
}
Event: 4.317 GC heap before
{Heap before GC invocations=23 (full 2):
 PSYoungGen      total 24064K, used 23776K [0x00000000eab00000, 0x00000000ec500000, 0x0000000100000000)
  eden space 22016K, 100% used [0x00000000eab00000,0x00000000ec080000,0x00000000ec080000)
  from space 2048K, 85% used [0x00000000ec300000,0x00000000ec4b8020,0x00000000ec500000)
  to   space 2048K, 0% used [0x00000000ec100000,0x00000000ec100000,0x00000000ec300000)
 ParOldGen       total 68608K, used 25124K [0x00000000c0000000, 0x00000000c4300000, 0x00000000eab00000)
  object space 68608K, 36% used [0x00000000c0000000,0x00000000c1889370,0x00000000c4300000)
 Metaspace       used 51653K, committed 52736K, reserved 1114112K
  class space    used 5495K, committed 5952K, reserved 1048576K
}
Event: 4.318 GC heap after
{Heap after GC invocations=23 (full 2):
 PSYoungGen      total 24064K, used 2016K [0x00000000eab00000, 0x00000000ec980000, 0x0000000100000000)
  eden space 22016K, 0% used [0x00000000eab00000,0x00000000eab00000,0x00000000ec080000)
  from space 2048K, 98% used [0x00000000ec100000,0x00000000ec2f8010,0x00000000ec300000)
  to   space 4608K, 0% used [0x00000000ec500000,0x00000000ec500000,0x00000000ec980000)
 ParOldGen       total 68608K, used 27049K [0x00000000c0000000, 0x00000000c4300000, 0x00000000eab00000)
  object space 68608K, 39% used [0x00000000c0000000,0x00000000c1a6a628,0x00000000c4300000)
 Metaspace       used 51653K, committed 52736K, reserved 1114112K
  class space    used 5495K, committed 5952K, reserved 1048576K
}
Event: 4.363 GC heap before
{Heap before GC invocations=24 (full 2):
 PSYoungGen      total 24064K, used 24032K [0x00000000eab00000, 0x00000000ec980000, 0x0000000100000000)
  eden space 22016K, 100% used [0x00000000eab00000,0x00000000ec080000,0x00000000ec080000)
  from space 2048K, 98% used [0x00000000ec100000,0x00000000ec2f8010,0x00000000ec300000)
  to   space 4608K, 0% used [0x00000000ec500000,0x00000000ec500000,0x00000000ec980000)
 ParOldGen       total 68608K, used 27049K [0x00000000c0000000, 0x00000000c4300000, 0x00000000eab00000)
  object space 68608K, 39% used [0x00000000c0000000,0x00000000c1a6a628,0x00000000c4300000)
 Metaspace       used 51921K, committed 52992K, reserved 1114112K
  class space    used 5533K, committed 5952K, reserved 1048576K
}
Event: 4.365 GC heap after
{Heap after GC invocations=24 (full 2):
 PSYoungGen      total 25088K, used 2560K [0x00000000eab00000, 0x00000000ec800000, 0x0000000100000000)
  eden space 22016K, 0% used [0x00000000eab00000,0x00000000eab00000,0x00000000ec080000)
  from space 3072K, 83% used [0x00000000ec500000,0x00000000ec780020,0x00000000ec800000)
  to   space 3072K, 0% used [0x00000000ec200000,0x00000000ec200000,0x00000000ec500000)
 ParOldGen       total 68608K, used 29065K [0x00000000c0000000, 0x00000000c4300000, 0x00000000eab00000)
  object space 68608K, 42% used [0x00000000c0000000,0x00000000c1c62628,0x00000000c4300000)
 Metaspace       used 51921K, committed 52992K, reserved 1114112K
  class space    used 5533K, committed 5952K, reserved 1048576K
}
Event: 4.401 GC heap before
{Heap before GC invocations=25 (full 2):
 PSYoungGen      total 25088K, used 24576K [0x00000000eab00000, 0x00000000ec800000, 0x0000000100000000)
  eden space 22016K, 100% used [0x00000000eab00000,0x00000000ec080000,0x00000000ec080000)
  from space 3072K, 83% used [0x00000000ec500000,0x00000000ec780020,0x00000000ec800000)
  to   space 3072K, 0% used [0x00000000ec200000,0x00000000ec200000,0x00000000ec500000)
 ParOldGen       total 68608K, used 29065K [0x00000000c0000000, 0x00000000c4300000, 0x00000000eab00000)
  object space 68608K, 42% used [0x00000000c0000000,0x00000000c1c62628,0x00000000c4300000)
 Metaspace       used 51942K, committed 52992K, reserved 1114112K
  class space    used 5533K, committed 5952K, reserved 1048576K
}
Event: 4.403 GC heap after
{Heap after GC invocations=25 (full 2):
 PSYoungGen      total 25088K, used 2788K [0x00000000eab00000, 0x00000000ec680000, 0x0000000100000000)
  eden space 22016K, 0% used [0x00000000eab00000,0x00000000eab00000,0x00000000ec080000)
  from space 3072K, 90% used [0x00000000ec200000,0x00000000ec4b9000,0x00000000ec500000)
  to   space 1536K, 0% used [0x00000000ec500000,0x00000000ec500000,0x00000000ec680000)
 ParOldGen       total 68608K, used 31380K [0x00000000c0000000, 0x00000000c4300000, 0x00000000eab00000)
  object space 68608K, 45% used [0x00000000c0000000,0x00000000c1ea5318,0x00000000c4300000)
 Metaspace       used 51942K, committed 52992K, reserved 1114112K
  class space    used 5533K, committed 5952K, reserved 1048576K
}
Event: 4.433 GC heap before
{Heap before GC invocations=26 (full 2):
 PSYoungGen      total 25088K, used 24804K [0x00000000eab00000, 0x00000000ec680000, 0x0000000100000000)
  eden space 22016K, 100% used [0x00000000eab00000,0x00000000ec080000,0x00000000ec080000)
  from space 3072K, 90% used [0x00000000ec200000,0x00000000ec4b9000,0x00000000ec500000)
  to   space 1536K, 0% used [0x00000000ec500000,0x00000000ec500000,0x00000000ec680000)
 ParOldGen       total 68608K, used 31380K [0x00000000c0000000, 0x00000000c4300000, 0x00000000eab00000)
  object space 68608K, 45% used [0x00000000c0000000,0x00000000c1ea5318,0x00000000c4300000)
 Metaspace       used 51955K, committed 52992K, reserved 1114112K
  class space    used 5534K, committed 5952K, reserved 1048576K
}
Event: 4.435 GC heap after
{Heap after GC invocations=26 (full 2):
 PSYoungGen      total 22528K, used 1504K [0x00000000eab00000, 0x00000000ecb80000, 0x0000000100000000)
  eden space 20992K, 0% used [0x00000000eab00000,0x00000000eab00000,0x00000000ebf80000)
  from space 1536K, 97% used [0x00000000ec500000,0x00000000ec678010,0x00000000ec680000)
  to   space 5632K, 0% used [0x00000000ebf80000,0x00000000ebf80000,0x00000000ec500000)
 ParOldGen       total 68608K, used 34699K [0x00000000c0000000, 0x00000000c4300000, 0x00000000eab00000)
  object space 68608K, 50% used [0x00000000c0000000,0x00000000c21e2dc8,0x00000000c4300000)
 Metaspace       used 51955K, committed 52992K, reserved 1114112K
  class space    used 5534K, committed 5952K, reserved 1048576K
}

Dll operation events (14 events):
Event: 0.008 Loaded shared library c:\Users\Thomas Danjo\.cursor\extensions\redhat.java-1.41.1-win32-x64\jre\21.0.6-win32-x86_64\bin\java.dll
Event: 0.050 Loaded shared library c:\Users\Thomas Danjo\.cursor\extensions\redhat.java-1.41.1-win32-x64\jre\21.0.6-win32-x86_64\bin\zip.dll
Event: 0.062 Loaded shared library C:\Users\Thomas Danjo\.cursor\extensions\redhat.java-1.41.1-win32-x64\jre\21.0.6-win32-x86_64\bin\instrument.dll
Event: 0.066 Loaded shared library C:\Users\Thomas Danjo\.cursor\extensions\redhat.java-1.41.1-win32-x64\jre\21.0.6-win32-x86_64\bin\net.dll
Event: 0.068 Loaded shared library C:\Users\Thomas Danjo\.cursor\extensions\redhat.java-1.41.1-win32-x64\jre\21.0.6-win32-x86_64\bin\nio.dll
Event: 0.070 Loaded shared library C:\Users\Thomas Danjo\.cursor\extensions\redhat.java-1.41.1-win32-x64\jre\21.0.6-win32-x86_64\bin\zip.dll
Event: 0.081 Loaded shared library C:\Users\Thomas Danjo\.cursor\extensions\redhat.java-1.41.1-win32-x64\jre\21.0.6-win32-x86_64\bin\jimage.dll
Event: 0.124 Loaded shared library c:\Users\Thomas Danjo\.cursor\extensions\redhat.java-1.41.1-win32-x64\jre\21.0.6-win32-x86_64\bin\verify.dll
Event: 0.848 Loaded shared library C:\Users\Thomas Danjo\AppData\Roaming\Cursor\User\globalStorage\redhat.java\1.41.1\config_win\org.eclipse.equinox.launcher\org.eclipse.equinox.launcher.win32.win32.x86_64_1.2.1300.v20250331-1702\eclipse_11911.dll
Event: 1.782 Loaded shared library C:\Users\Thomas Danjo\.cursor\extensions\redhat.java-1.41.1-win32-x64\jre\21.0.6-win32-x86_64\bin\management.dll
Event: 1.785 Loaded shared library C:\Users\Thomas Danjo\.cursor\extensions\redhat.java-1.41.1-win32-x64\jre\21.0.6-win32-x86_64\bin\management_ext.dll
Event: 2.690 Loaded shared library C:\Users\Thomas Danjo\AppData\Local\Temp\jna-1785980026\jna7218370683658201410.dll
Event: 2.926 Loaded shared library C:\Users\Thomas Danjo\.cursor\extensions\redhat.java-1.41.1-win32-x64\jre\21.0.6-win32-x86_64\bin\sunmscapi.dll
Event: 3.187 Loaded shared library C:\Users\Thomas Danjo\.cursor\extensions\redhat.java-1.41.1-win32-x64\jre\21.0.6-win32-x86_64\bin\extnet.dll

Deoptimization events (20 events):
Event: 4.400 Thread 0x000001b8e5f4d4e0 DEOPT PACKING pc=0x000001b8cb0eced3 sp=0x0000005d01bfd9e0
Event: 4.400 Thread 0x000001b8e5f4d4e0 DEOPT UNPACKING pc=0x000001b8d1744242 sp=0x0000005d01bfcec8 mode 0
Event: 4.403 Thread 0x000001b8e5f4d4e0 DEOPT PACKING pc=0x000001b8cb0ece57 sp=0x0000005d01bfd9e0
Event: 4.403 Thread 0x000001b8e5f4d4e0 DEOPT UNPACKING pc=0x000001b8d1744242 sp=0x0000005d01bfcec8 mode 0
Event: 4.404 Thread 0x000001b8e5f4d4e0 DEOPT PACKING pc=0x000001b8cb0eced3 sp=0x0000005d01bfd9e0
Event: 4.404 Thread 0x000001b8e5f4d4e0 DEOPT UNPACKING pc=0x000001b8d1744242 sp=0x0000005d01bfcec8 mode 0
Event: 4.405 Thread 0x000001b8e5f4d4e0 DEOPT PACKING pc=0x000001b8cb0ece57 sp=0x0000005d01bfd9e0
Event: 4.405 Thread 0x000001b8e5f4d4e0 DEOPT UNPACKING pc=0x000001b8d1744242 sp=0x0000005d01bfcec8 mode 0
Event: 4.406 Thread 0x000001b8e5f4d4e0 DEOPT PACKING pc=0x000001b8cb0ece57 sp=0x0000005d01bfd9b0
Event: 4.406 Thread 0x000001b8e5f4d4e0 DEOPT UNPACKING pc=0x000001b8d1744242 sp=0x0000005d01bfce98 mode 0
Event: 4.409 Thread 0x000001b8e5f4d4e0 DEOPT PACKING pc=0x000001b8cb0ece57 sp=0x0000005d01bfd9e0
Event: 4.409 Thread 0x000001b8e5f4d4e0 DEOPT UNPACKING pc=0x000001b8d1744242 sp=0x0000005d01bfcec8 mode 0
Event: 4.410 Thread 0x000001b8e5f4d4e0 DEOPT PACKING pc=0x000001b8cb0eced3 sp=0x0000005d01bfd9e0
Event: 4.410 Thread 0x000001b8e5f4d4e0 DEOPT UNPACKING pc=0x000001b8d1744242 sp=0x0000005d01bfcec8 mode 0
Event: 4.410 Thread 0x000001b8e5f4d4e0 DEOPT PACKING pc=0x000001b8cb0eced3 sp=0x0000005d01bfd9e0
Event: 4.411 Thread 0x000001b8e5f4d4e0 DEOPT UNPACKING pc=0x000001b8d1744242 sp=0x0000005d01bfcec8 mode 0
Event: 4.412 Thread 0x000001b8e5f4d4e0 DEOPT PACKING pc=0x000001b8cb0eced3 sp=0x0000005d01bfd9e0
Event: 4.412 Thread 0x000001b8e5f4d4e0 DEOPT UNPACKING pc=0x000001b8d1744242 sp=0x0000005d01bfcec8 mode 0
Event: 4.433 Thread 0x000001b8e5f4d4e0 DEOPT PACKING pc=0x000001b8caf88c46 sp=0x0000005d01bfd960
Event: 4.433 Thread 0x000001b8e5f4d4e0 DEOPT UNPACKING pc=0x000001b8d1744242 sp=0x0000005d01bfcee0 mode 0

Classes loaded (20 events):
Event: 4.198 Loading class sun/nio/ch/Util$4
Event: 4.198 Loading class sun/nio/ch/Util$4 done
Event: 4.203 Loading class java/io/UTFDataFormatException
Event: 4.203 Loading class java/io/UTFDataFormatException done
Event: 4.205 Loading class java/nio/file/ClosedDirectoryStreamException
Event: 4.205 Loading class java/nio/file/ClosedDirectoryStreamException done
Event: 4.205 Loading class jdk/internal/jrtfs/JrtFileSystem
Event: 4.206 Loading class jdk/internal/jrtfs/JrtFileSystem done
Event: 4.206 Loading class jdk/internal/jrtfs/JrtPath
Event: 4.206 Loading class jdk/internal/jrtfs/JrtPath done
Event: 4.206 Loading class jdk/internal/jimage/ImageReader$Node
Event: 4.207 Loading class jdk/internal/jimage/ImageReader$Node done
Event: 4.209 Loading class java/nio/ByteBufferAsIntBufferL
Event: 4.210 Loading class java/nio/ByteBufferAsIntBufferL done
Event: 4.211 Loading class jdk/internal/jimage/ImageReader$Directory
Event: 4.211 Loading class jdk/internal/jimage/ImageReader$Directory done
Event: 4.326 Loading class java/nio/channels/Channels$ReadableByteChannelImpl
Event: 4.326 Loading class java/nio/channels/Channels$ReadableByteChannelImpl done
Event: 4.326 Loading class java/nio/channels/NonWritableChannelException
Event: 4.327 Loading class java/nio/channels/NonWritableChannelException done

Classes unloaded (7 events):
Event: 2.217 Thread 0x000001b8c715e300 Unloading class 0x000001b881199400 'java/lang/invoke/LambdaForm$MH+0x000001b881199400'
Event: 2.217 Thread 0x000001b8c715e300 Unloading class 0x000001b881199000 'java/lang/invoke/LambdaForm$MH+0x000001b881199000'
Event: 2.217 Thread 0x000001b8c715e300 Unloading class 0x000001b881198c00 'java/lang/invoke/LambdaForm$MH+0x000001b881198c00'
Event: 2.217 Thread 0x000001b8c715e300 Unloading class 0x000001b881198800 'java/lang/invoke/LambdaForm$MH+0x000001b881198800'
Event: 2.217 Thread 0x000001b8c715e300 Unloading class 0x000001b881198400 'java/lang/invoke/LambdaForm$BMH+0x000001b881198400'
Event: 2.217 Thread 0x000001b8c715e300 Unloading class 0x000001b881198000 'java/lang/invoke/LambdaForm$DMH+0x000001b881198000'
Event: 2.217 Thread 0x000001b8c715e300 Unloading class 0x000001b881196c00 'java/lang/invoke/LambdaForm$DMH+0x000001b881196c00'

Classes redefined (0 events):
No events

Internal exceptions (20 events):
Event: 4.064 Thread 0x000001b8e5f4d4e0 Exception <a 'sun/nio/fs/WindowsException'{0x00000000eb114600}> (0x00000000eb114600) 
thrown [s\src\hotspot\share\prims\jni.cpp, line 520]
Event: 4.065 Thread 0x000001b8e5f4d4e0 Exception <a 'sun/nio/fs/WindowsException'{0x00000000eb1176d8}> (0x00000000eb1176d8) 
thrown [s\src\hotspot\share\prims\jni.cpp, line 520]
Event: 4.065 Thread 0x000001b8e5f4d4e0 Exception <a 'sun/nio/fs/WindowsException'{0x00000000eb11b1f0}> (0x00000000eb11b1f0) 
thrown [s\src\hotspot\share\prims\jni.cpp, line 520]
Event: 4.065 Thread 0x000001b8e5f4d4e0 Exception <a 'sun/nio/fs/WindowsException'{0x00000000eb11f480}> (0x00000000eb11f480) 
thrown [s\src\hotspot\share\prims\jni.cpp, line 520]
Event: 4.112 Thread 0x000001b8e5f4d4e0 Exception <a 'java/lang/NoSuchMethodError'{0x00000000eb32b418}: 'java.lang.Object java.lang.invoke.DirectMethodHandle$Holder.invokeStaticInit(java.lang.Object, int)'> (0x00000000eb32b418) 
thrown [s\src\hotspot\share\interpreter\linkResolver.cpp, line 773]
Event: 4.115 Thread 0x000001b8e5f4d4e0 Exception <a 'sun/nio/fs/WindowsException'{0x00000000eb361210}> (0x00000000eb361210) 
thrown [s\src\hotspot\share\prims\jni.cpp, line 520]
Event: 4.119 Thread 0x000001b8e5f4d4e0 Exception <a 'sun/nio/fs/WindowsException'{0x00000000eb367e70}> (0x00000000eb367e70) 
thrown [s\src\hotspot\share\prims\jni.cpp, line 520]
Event: 4.122 Thread 0x000001b8e5f4d4e0 Exception <a 'sun/nio/fs/WindowsException'{0x00000000eb3a3db0}> (0x00000000eb3a3db0) 
thrown [s\src\hotspot\share\prims\jni.cpp, line 520]
Event: 4.147 Thread 0x000001b8e5f4d4e0 Exception <a 'sun/nio/fs/WindowsException'{0x00000000eb4edec8}> (0x00000000eb4edec8) 
thrown [s\src\hotspot\share\prims\jni.cpp, line 520]
Event: 4.150 Thread 0x000001b8e5f4d4e0 Exception <a 'sun/nio/fs/WindowsException'{0x00000000eb4fee68}> (0x00000000eb4fee68) 
thrown [s\src\hotspot\share\prims\jni.cpp, line 520]
Event: 4.150 Thread 0x000001b8e5f4d4e0 Exception <a 'sun/nio/fs/WindowsException'{0x00000000eb503920}> (0x00000000eb503920) 
thrown [s\src\hotspot\share\prims\jni.cpp, line 520]
Event: 4.150 Thread 0x000001b8e5f4d4e0 Exception <a 'sun/nio/fs/WindowsException'{0x00000000eb5047b8}> (0x00000000eb5047b8) 
thrown [s\src\hotspot\share\prims\jni.cpp, line 520]
Event: 4.150 Thread 0x000001b8e5f4d4e0 Exception <a 'sun/nio/fs/WindowsException'{0x00000000eb505008}> (0x00000000eb505008) 
thrown [s\src\hotspot\share\prims\jni.cpp, line 520]
Event: 4.158 Thread 0x000001b8e5f4d4e0 Exception <a 'sun/nio/fs/WindowsException'{0x00000000eb5520a8}> (0x00000000eb5520a8) 
thrown [s\src\hotspot\share\prims\jni.cpp, line 520]
Event: 4.170 Thread 0x000001b8e5f4d4e0 Exception <a 'sun/nio/fs/WindowsException'{0x00000000eb626228}> (0x00000000eb626228) 
thrown [s\src\hotspot\share\prims\jni.cpp, line 520]
Event: 4.172 Thread 0x000001b8e5f4d4e0 Exception <a 'java/io/FileNotFoundException'{0x00000000eb635b78}> (0x00000000eb635b78) 
thrown [s\src\hotspot\share\prims\jni.cpp, line 520]
Event: 4.172 Thread 0x000001b8e5f4d4e0 Exception <a 'java/io/FileNotFoundException'{0x00000000eb636bd0}> (0x00000000eb636bd0) 
thrown [s\src\hotspot\share\prims\jni.cpp, line 520]
Event: 4.198 Thread 0x000001b8e5f4d4e0 Implicit null exception at 0x000001b8d210d903 to 0x000001b8d210db84
Event: 4.199 Thread 0x000001b8e5f4d4e0 Exception <a 'java/lang/NoSuchMethodError'{0x00000000eb84d918}: 'java.lang.Object java.lang.invoke.DelegatingMethodHandle$Holder.reinvoke_L(java.lang.Object, int, long, java.lang.Object, java.lang.Object, int, java.lang.Object)'> (0x00000000eb84d918) 
thrown [s\src\hotspot\share\interpreter\linkResolver.cpp, line 773]
Event: 4.244 Thread 0x000001b8e5f4d4e0 Exception <a 'java/lang/NoSuchMethodError'{0x00000000ebdf4148}: 'java.lang.Object java.lang.invoke.Invokers$Holder.invoke_MT(java.lang.Object, java.lang.Object, java.lang.Object, java.lang.Object, java.lang.Object, java.lang.Object, java.lang.Object, java.lang.Object, java.lang.Object, java.lang.Object)'> (0x00000000ebdf4148) 
thrown [s\src\hotspot\share\interpreter\linkResolver.cpp, line 773]

ZGC Phase Switch (0 events):
No events

VM Operations (20 events):
Event: 4.191 Executing VM operation: HandshakeAllThreads (Deoptimize)
Event: 4.191 Executing VM operation: HandshakeAllThreads (Deoptimize) done
Event: 4.204 Executing VM operation: HandshakeAllThreads (Deoptimize)
Event: 4.204 Executing VM operation: HandshakeAllThreads (Deoptimize) done
Event: 4.210 Executing VM operation: HandshakeAllThreads (Deoptimize)
Event: 4.210 Executing VM operation: HandshakeAllThreads (Deoptimize) done
Event: 4.211 Executing VM operation: HandshakeAllThreads (Deoptimize)
Event: 4.211 Executing VM operation: HandshakeAllThreads (Deoptimize) done
Event: 4.227 Executing VM operation: HandshakeAllThreads (Deoptimize)
Event: 4.227 Executing VM operation: HandshakeAllThreads (Deoptimize) done
Event: 4.263 Executing VM operation: ParallelGCFailedAllocation (Allocation Failure)
Event: 4.265 Executing VM operation: ParallelGCFailedAllocation (Allocation Failure) done
Event: 4.317 Executing VM operation: ParallelGCFailedAllocation (Allocation Failure)
Event: 4.318 Executing VM operation: ParallelGCFailedAllocation (Allocation Failure) done
Event: 4.363 Executing VM operation: ParallelGCFailedAllocation (Allocation Failure)
Event: 4.365 Executing VM operation: ParallelGCFailedAllocation (Allocation Failure) done
Event: 4.401 Executing VM operation: ParallelGCFailedAllocation (Allocation Failure)
Event: 4.403 Executing VM operation: ParallelGCFailedAllocation (Allocation Failure) done
Event: 4.433 Executing VM operation: ParallelGCFailedAllocation (Allocation Failure)
Event: 4.435 Executing VM operation: ParallelGCFailedAllocation (Allocation Failure) done

Memory protections (0 events):
No events

Nmethod flushes (20 events):
Event: 2.963 Thread 0x000001b8c715e300 flushing  nmethod 0x000001b8ca99b690
Event: 2.963 Thread 0x000001b8c715e300 flushing  nmethod 0x000001b8ca99bf90
Event: 2.963 Thread 0x000001b8c715e300 flushing  nmethod 0x000001b8ca99d190
Event: 2.963 Thread 0x000001b8c715e300 flushing  nmethod 0x000001b8ca99d990
Event: 2.963 Thread 0x000001b8c715e300 flushing  nmethod 0x000001b8ca99e110
Event: 2.963 Thread 0x000001b8c715e300 flushing  nmethod 0x000001b8ca99f690
Event: 2.963 Thread 0x000001b8c715e300 flushing  nmethod 0x000001b8ca99fb90
Event: 2.963 Thread 0x000001b8c715e300 flushing  nmethod 0x000001b8ca9a1410
Event: 2.963 Thread 0x000001b8c715e300 flushing  nmethod 0x000001b8ca9a1e10
Event: 2.963 Thread 0x000001b8c715e300 flushing  nmethod 0x000001b8ca9a2d10
Event: 2.963 Thread 0x000001b8c715e300 flushing  nmethod 0x000001b8ca9a5190
Event: 2.963 Thread 0x000001b8c715e300 flushing  nmethod 0x000001b8ca9e2e90
Event: 2.963 Thread 0x000001b8c715e300 flushing  nmethod 0x000001b8ca9e7190
Event: 2.963 Thread 0x000001b8c715e300 flushing  nmethod 0x000001b8caa0ab10
Event: 2.963 Thread 0x000001b8c715e300 flushing  nmethod 0x000001b8caa16810
Event: 2.963 Thread 0x000001b8c715e300 flushing  nmethod 0x000001b8caa7db10
Event: 2.963 Thread 0x000001b8c715e300 flushing  nmethod 0x000001b8caa85790
Event: 2.963 Thread 0x000001b8c715e300 flushing  nmethod 0x000001b8caa86390
Event: 2.963 Thread 0x000001b8c715e300 flushing  nmethod 0x000001b8caaa0690
Event: 2.963 Thread 0x000001b8c715e300 flushing  nmethod 0x000001b8caad8310

Events (20 events):
Event: 2.799 Thread 0x000001b8c70ba8c0 Thread added: 0x000001b8e5ae2dd0
Event: 2.799 Thread 0x000001b8c70ba8c0 Thread added: 0x000001b8e5ae3460
Event: 2.800 Thread 0x000001b8c70ba8c0 Thread added: 0x000001b8e5ae20b0
Event: 2.801 Thread 0x000001b8c70ba8c0 Thread added: 0x000001b8e5ae4180
Event: 2.802 Thread 0x000001b8c70ba8c0 Thread added: 0x000001b8e5f4b410
Event: 2.802 Thread 0x000001b8c70ba8c0 Thread added: 0x000001b8e5f4f5b0
Event: 2.803 Thread 0x000001b8c70ba8c0 Thread added: 0x000001b8e5f4fc40
Event: 2.803 Thread 0x000001b8c70ba8c0 Thread added: 0x000001b8e5f4c7c0
Event: 2.803 Thread 0x000001b8c70ba8c0 Thread added: 0x000001b8e5f4baa0
Event: 2.803 Thread 0x000001b8c70ba8c0 Thread added: 0x000001b8e5f502d0
Event: 2.803 Thread 0x000001b8c70ba8c0 Thread added: 0x000001b8e5f50960
Event: 2.839 Thread 0x000001b8c70ba8c0 Thread added: 0x000001b8e5f50ff0
Event: 3.061 Thread 0x000001b8c70ba8c0 Thread added: 0x000001b8e5f51680
Event: 3.061 Thread 0x000001b8c70ba8c0 Thread added: 0x000001b8e5f4ef20
Event: 3.138 Thread 0x000001b8e48864f0 Thread added: 0x000001b8e5f4ce50
Event: 3.329 Thread 0x000001b8e5f4ce50 Thread added: 0x000001b8e5f4d4e0
Event: 3.496 Thread 0x000001b8e4887210 Thread added: 0x000001b8e5f4db70
Event: 3.496 Thread 0x000001b8e5f4db70 Thread exited: 0x000001b8e5f4db70
Event: 3.614 Thread 0x000001b8e4887210 Thread added: 0x000001b8e5f4e200
Event: 3.795 Thread 0x000001b8db499ab0 Thread added: 0x000001b8e62c4430


Dynamic libraries:
0x00007ff657520000 - 0x00007ff65752e000 	c:\Users\Thomas Danjo\.cursor\extensions\redhat.java-1.41.1-win32-x64\jre\21.0.6-win32-x86_64\bin\java.exe
0x00007ffbd1890000 - 0x00007ffbd1aa7000 	C:\Windows\SYSTEM32\ntdll.dll
0x00007ffbad2a0000 - 0x00007ffbad2ba000 	C:\Program Files\Avast Software\Avast\aswhook.dll
0x00007ffbd14a0000 - 0x00007ffbd1564000 	C:\Windows\System32\KERNEL32.DLL
0x00007ffbcf070000 - 0x00007ffbcf427000 	C:\Windows\System32\KERNELBASE.dll
0x00007ffbceed0000 - 0x00007ffbcefe1000 	C:\Windows\System32\ucrtbase.dll
0x00007ffb97f40000 - 0x00007ffb97f58000 	c:\Users\Thomas Danjo\.cursor\extensions\redhat.java-1.41.1-win32-x64\jre\21.0.6-win32-x86_64\bin\jli.dll
0x00007ffb96a60000 - 0x00007ffb96a7e000 	c:\Users\Thomas Danjo\.cursor\extensions\redhat.java-1.41.1-win32-x64\jre\21.0.6-win32-x86_64\bin\VCRUNTIME140.dll
0x00007ffbd07f0000 - 0x00007ffbd099f000 	C:\Windows\System32\USER32.dll
0x00007ffbcf430000 - 0x00007ffbcf456000 	C:\Windows\System32\win32u.dll
0x00007ffbb5780000 - 0x00007ffbb5a13000 	C:\Windows\WinSxS\amd64_microsoft.windows.common-controls_6595b64144ccf1df_6.0.22621.3672_none_2713b9d173822955\COMCTL32.dll
0x00007ffbd0e60000 - 0x00007ffbd0e89000 	C:\Windows\System32\GDI32.dll
0x00007ffbd17a0000 - 0x00007ffbd1847000 	C:\Windows\System32\msvcrt.dll
0x00007ffbcedb0000 - 0x00007ffbceec8000 	C:\Windows\System32\gdi32full.dll
0x00007ffbced10000 - 0x00007ffbcedaa000 	C:\Windows\System32\msvcp_win.dll
0x00007ffbd0f40000 - 0x00007ffbd0f71000 	C:\Windows\System32\IMM32.DLL
0x00007ffbb3b30000 - 0x00007ffbb3b3c000 	c:\Users\Thomas Danjo\.cursor\extensions\redhat.java-1.41.1-win32-x64\jre\21.0.6-win32-x86_64\bin\vcruntime140_1.dll
0x00007ffb7c910000 - 0x00007ffb7c99d000 	c:\Users\Thomas Danjo\.cursor\extensions\redhat.java-1.41.1-win32-x64\jre\21.0.6-win32-x86_64\bin\msvcp140.dll
0x00007ffa135e0000 - 0x00007ffa14370000 	c:\Users\Thomas Danjo\.cursor\extensions\redhat.java-1.41.1-win32-x64\jre\21.0.6-win32-x86_64\bin\server\jvm.dll
0x00007ffbd06b0000 - 0x00007ffbd0762000 	C:\Windows\System32\ADVAPI32.dll
0x00007ffbd0e90000 - 0x00007ffbd0f38000 	C:\Windows\System32\sechost.dll
0x00007ffbcf590000 - 0x00007ffbcf5b8000 	C:\Windows\System32\bcrypt.dll
0x00007ffbd0d40000 - 0x00007ffbd0e54000 	C:\Windows\System32\RPCRT4.dll
0x00007ffbd0b50000 - 0x00007ffbd0bc1000 	C:\Windows\System32\WS2_32.dll
0x00007ffbcda10000 - 0x00007ffbcda5d000 	C:\Windows\SYSTEM32\POWRPROF.dll
0x00007ffbc3b70000 - 0x00007ffbc3b7a000 	C:\Windows\SYSTEM32\VERSION.dll
0x00007ffbc6530000 - 0x00007ffbc6564000 	C:\Windows\SYSTEM32\WINMM.dll
0x00007ffbcd9f0000 - 0x00007ffbcda03000 	C:\Windows\SYSTEM32\UMPDC.dll
0x00007ffbcdcb0000 - 0x00007ffbcdcc8000 	C:\Windows\SYSTEM32\kernel.appcore.dll
0x00007ffbb37d0000 - 0x00007ffbb37da000 	c:\Users\Thomas Danjo\.cursor\extensions\redhat.java-1.41.1-win32-x64\jre\21.0.6-win32-x86_64\bin\jimage.dll
0x00007ffbcc310000 - 0x00007ffbcc542000 	C:\Windows\SYSTEM32\DBGHELP.DLL
0x00007ffbd1100000 - 0x00007ffbd148e000 	C:\Windows\System32\combase.dll
0x00007ffbd0fa0000 - 0x00007ffbd1077000 	C:\Windows\System32\OLEAUT32.dll
0x00007ffbc0ff0000 - 0x00007ffbc1022000 	C:\Windows\SYSTEM32\dbgcore.DLL
0x00007ffbceff0000 - 0x00007ffbcf06b000 	C:\Windows\System32\bcryptPrimitives.dll
0x00007ffbad140000 - 0x00007ffbad14f000 	c:\Users\Thomas Danjo\.cursor\extensions\redhat.java-1.41.1-win32-x64\jre\21.0.6-win32-x86_64\bin\instrument.dll
0x00007ffb963c0000 - 0x00007ffb963df000 	c:\Users\Thomas Danjo\.cursor\extensions\redhat.java-1.41.1-win32-x64\jre\21.0.6-win32-x86_64\bin\java.dll
0x00007ffbcf9c0000 - 0x00007ffbd0229000 	C:\Windows\System32\SHELL32.dll
0x00007ffbccad0000 - 0x00007ffbcd3cf000 	C:\Windows\SYSTEM32\windows.storage.dll
0x00007ffbcc990000 - 0x00007ffbccacf000 	C:\Windows\SYSTEM32\wintypes.dll
0x00007ffbd16a0000 - 0x00007ffbd1799000 	C:\Windows\System32\SHCORE.dll
0x00007ffbd1570000 - 0x00007ffbd15ce000 	C:\Windows\System32\shlwapi.dll
0x00007ffbcead0000 - 0x00007ffbceaf7000 	C:\Windows\SYSTEM32\profapi.dll
0x00007ffb95040000 - 0x00007ffb95058000 	c:\Users\Thomas Danjo\.cursor\extensions\redhat.java-1.41.1-win32-x64\jre\21.0.6-win32-x86_64\bin\zip.dll
0x00007ffba8ac0000 - 0x00007ffba8ad0000 	C:\Users\Thomas Danjo\.cursor\extensions\redhat.java-1.41.1-win32-x64\jre\21.0.6-win32-x86_64\bin\net.dll
0x00007ffbc7030000 - 0x00007ffbc7166000 	C:\Windows\SYSTEM32\WINHTTP.dll
0x00007ffbce110000 - 0x00007ffbce179000 	C:\Windows\system32\mswsock.dll
0x00007ffb92e20000 - 0x00007ffb92e36000 	C:\Users\Thomas Danjo\.cursor\extensions\redhat.java-1.41.1-win32-x64\jre\21.0.6-win32-x86_64\bin\nio.dll
0x00007ffba89c0000 - 0x00007ffba89d0000 	c:\Users\Thomas Danjo\.cursor\extensions\redhat.java-1.41.1-win32-x64\jre\21.0.6-win32-x86_64\bin\verify.dll
0x00007ffb7d050000 - 0x00007ffb7d095000 	C:\Users\Thomas Danjo\AppData\Roaming\Cursor\User\globalStorage\redhat.java\1.41.1\config_win\org.eclipse.equinox.launcher\org.eclipse.equinox.launcher.win32.win32.x86_64_1.2.1300.v20250331-1702\eclipse_11911.dll
0x00007ffbd09a0000 - 0x00007ffbd0b45000 	C:\Windows\System32\ole32.dll
0x00007ffba8810000 - 0x00007ffba881a000 	C:\Users\Thomas Danjo\.cursor\extensions\redhat.java-1.41.1-win32-x64\jre\21.0.6-win32-x86_64\bin\management.dll
0x00007ffba83a0000 - 0x00007ffba83ab000 	C:\Users\Thomas Danjo\.cursor\extensions\redhat.java-1.41.1-win32-x64\jre\21.0.6-win32-x86_64\bin\management_ext.dll
0x00007ffbd1490000 - 0x00007ffbd1498000 	C:\Windows\System32\PSAPI.DLL
0x00007ffbce360000 - 0x00007ffbce37b000 	C:\Windows\SYSTEM32\CRYPTSP.dll
0x00007ffbcdc10000 - 0x00007ffbcdc45000 	C:\Windows\system32\rsaenh.dll
0x00007ffbce1e0000 - 0x00007ffbce208000 	C:\Windows\SYSTEM32\USERENV.dll
0x00007ffbce350000 - 0x00007ffbce35c000 	C:\Windows\SYSTEM32\CRYPTBASE.dll
0x00007ffbcd6e0000 - 0x00007ffbcd70d000 	C:\Windows\SYSTEM32\IPHLPAPI.DLL
0x00007ffbd0f80000 - 0x00007ffbd0f89000 	C:\Windows\System32\NSI.dll
0x00007ffb7fb20000 - 0x00007ffb7fb69000 	C:\Users\Thomas Danjo\AppData\Local\Temp\jna-1785980026\jna7218370683658201410.dll
0x00007ffbc6f20000 - 0x00007ffbc6f39000 	C:\Windows\SYSTEM32\dhcpcsvc6.DLL
0x00007ffbc6cf0000 - 0x00007ffbc6d0f000 	C:\Windows\SYSTEM32\dhcpcsvc.DLL
0x00007ffba7db0000 - 0x00007ffba7dbe000 	C:\Users\Thomas Danjo\.cursor\extensions\redhat.java-1.41.1-win32-x64\jre\21.0.6-win32-x86_64\bin\sunmscapi.dll
0x00007ffbceba0000 - 0x00007ffbced06000 	C:\Windows\System32\CRYPT32.dll
0x00007ffbce540000 - 0x00007ffbce56d000 	C:\Windows\SYSTEM32\ncrypt.dll
0x00007ffbce500000 - 0x00007ffbce537000 	C:\Windows\SYSTEM32\NTASN1.dll
0x00007ffbcd760000 - 0x00007ffbcd862000 	C:\Windows\SYSTEM32\DNSAPI.dll
0x00007ffbc1400000 - 0x00007ffbc140a000 	C:\Windows\System32\rasadhlp.dll
0x00007ffbc4640000 - 0x00007ffbc46c3000 	C:\Windows\System32\fwpuclnt.dll
0x00007ffba63a0000 - 0x00007ffba63a9000 	C:\Users\Thomas Danjo\.cursor\extensions\redhat.java-1.41.1-win32-x64\jre\21.0.6-win32-x86_64\bin\extnet.dll

dbghelp: loaded successfully - version: 4.0.5 - missing functions: none
symbol engine: initialized successfully - sym options: 0x614 - pdb path: .;c:\Users\Thomas Danjo\.cursor\extensions\redhat.java-1.41.1-win32-x64\jre\21.0.6-win32-x86_64\bin;C:\Windows\SYSTEM32;C:\Program Files\Avast Software\Avast;C:\Windows\WinSxS\amd64_microsoft.windows.common-controls_6595b64144ccf1df_6.0.22621.3672_none_2713b9d173822955;c:\Users\Thomas Danjo\.cursor\extensions\redhat.java-1.41.1-win32-x64\jre\21.0.6-win32-x86_64\bin\server;C:\Users\Thomas Danjo\AppData\Roaming\Cursor\User\globalStorage\redhat.java\1.41.1\config_win\org.eclipse.equinox.launcher\org.eclipse.equinox.launcher.win32.win32.x86_64_1.2.1300.v20250331-1702;C:\Users\Thomas Danjo\AppData\Local\Temp\jna-1785980026

VM Arguments:
jvm_args: --add-modules=ALL-SYSTEM --add-opens=java.base/java.util=ALL-UNNAMED --add-opens=java.base/java.lang=ALL-UNNAMED --add-opens=java.base/sun.nio.fs=ALL-UNNAMED -Declipse.application=org.eclipse.jdt.ls.core.id1 -Dosgi.bundles.defaultStartLevel=4 -Declipse.product=org.eclipse.jdt.ls.core.product -Djava.import.generatesMetadataFilesAtProjectRoot=false -DDetectVMInstallationsJob.disabled=true -Dfile.encoding=utf8 -XX:+UseParallelGC -XX:GCTimeRatio=4 -XX:AdaptiveSizePolicyWeight=90 -Dsun.zip.disableMemoryMapping=true -Xmx1G -Xms100m -Xlog:disable -javaagent:c:\Users\Thomas Danjo\.cursor\extensions\redhat.java-1.41.1-win32-x64\lombok\lombok-1.18.36.jar -XX:+HeapDumpOnOutOfMemoryError -XX:HeapDumpPath=c:\Users\Thomas Danjo\AppData\Roaming\Cursor\User\workspaceStorage\52c848ca1aecd90809babdf7ffd07d42\redhat.java -Daether.dependencyCollector.impl=bf 
java_command: c:\Users\Thomas Danjo\.cursor\extensions\redhat.java-1.41.1-win32-x64\server\plugins\org.eclipse.equinox.launcher_1.7.0.v20250331-1702.jar -configuration c:\Users\Thomas Danjo\AppData\Roaming\Cursor\User\globalStorage\redhat.java\1.41.1\config_win -data c:\Users\Thomas Danjo\AppData\Roaming\Cursor\User\workspaceStorage\52c848ca1aecd90809babdf7ffd07d42\redhat.java\jdt_ws --pipe=\\.\pipe\lsp-63b9001012801ed512910ed19843d28d-sock
java_class_path (initial): c:\Users\Thomas Danjo\.cursor\extensions\redhat.java-1.41.1-win32-x64\server\plugins\org.eclipse.equinox.launcher_1.7.0.v20250331-1702.jar
Launcher Type: SUN_STANDARD

[Global flags]
    uintx AdaptiveSizePolicyWeight                 = 90                                        {product} {command line}
     intx CICompilerCount                          = 12                                        {product} {ergonomic}
    uintx GCTimeRatio                              = 4                                         {product} {command line}
     bool HeapDumpOnOutOfMemoryError               = true                                   {manageable} {command line}
    ccstr HeapDumpPath                             = c:\Users\Thomas Danjo\AppData\Roaming\Cursor\User\workspaceStorage\52c848ca1aecd90809babdf7ffd07d42\redhat.java         {manageable} {command line}
   size_t InitialHeapSize                          = 104857600                                 {product} {command line}
   size_t MaxHeapSize                              = 1073741824                                {product} {command line}
   size_t MaxNewSize                               = 357564416                                 {product} {ergonomic}
   size_t MinHeapDeltaBytes                        = 524288                                    {product} {ergonomic}
   size_t MinHeapSize                              = 104857600                                 {product} {command line}
   size_t NewSize                                  = 34603008                                  {product} {ergonomic}
    uintx NonNMethodCodeHeapSize                   = 7602480                                {pd product} {ergonomic}
    uintx NonProfiledCodeHeapSize                  = 122027880                              {pd product} {ergonomic}
   size_t OldSize                                  = 70254592                                  {product} {ergonomic}
    uintx ProfiledCodeHeapSize                     = 122027880                              {pd product} {ergonomic}
    uintx ReservedCodeCacheSize                    = 251658240                              {pd product} {ergonomic}
     bool SegmentedCodeCache                       = true                                      {product} {ergonomic}
   size_t SoftMaxHeapSize                          = 1073741824                             {manageable} {ergonomic}
     bool UseCompressedOops                        = true                           {product lp64_product} {ergonomic}
     bool UseLargePagesIndividualAllocation        = false                                  {pd product} {ergonomic}
     bool UseParallelGC                            = true                                      {product} {command line}

Logging:
Log output configuration:
 #0: stdout all=off uptime,level,tags foldmultilines=false
 #1: stderr all=off uptime,level,tags foldmultilines=false

Environment Variables:
JAVA_HOME=C:\Users\Thomas Danjo\AppData\Local\Programs\Eclipse Adoptium\jdk-17.0.8.101-hotspot\
PATH=C:\Program Files\NVIDIA GPU Computing Toolkit\CUDA\v11.2\bin;C:\Program Files\NVIDIA GPU Computing Toolkit\CUDA\v11.2\libnvvp;C:\Program Files (x86)\Common Files\Intel\Shared Libraries\redist\intel64\compiler;C:\Windows\system32;C:\Windows;C:\Windows\System32\Wbem;C:\Windows\System32\WindowsPowerShell\v1.0\;C:\Windows\System32\OpenSSH\;C:\Program Files (x86)\NVIDIA Corporation\PhysX\Common;C:\Program Files (x86)\Windows Kits\10\Windows Performance Toolkit\;C:\MinGW\bin;C:\Program Files\Git\cmd;C:\Program Files\dotnet\;C:\Program Files\nodejs\;C:\Program Files\NVIDIA Corporation\Nsight Compute 2020.3.0\;C:\Users\Thomas Danjo\AppData\Local\Programs\Python\Python310\Scripts\;C:\Users\Thomas Danjo\AppData\Local\Programs\Python\Python310\;C:\Users\Thomas Danjo\AppData\Local\Programs\Python\Python311\Scripts\;C:\Users\Thomas Danjo\AppData\Local\Programs\Python\Python311\;C:\Users\Thomas Danjo\AppData\Local\Programs\Python\Launcher;C:\Users\Thomas Danjo\AppData\Roaming\npm;C:\Users\Thomas Danjo\.dotnet\tools;C:\Users\Thomas Danjo\AppData\Local\Programs\Microsoft VS Code\bin;C:\Users\Thomas Danjo\AppData\Local\Programs\cursor\resources\app\bin
USERNAME=Thomas Danjo
OS=Windows_NT
PROCESSOR_IDENTIFIER=Intel64 Family 6 Model 191 Stepping 2, GenuineIntel
TMP=C:\Users\THOMAS~1\AppData\Local\Temp
TEMP=C:\Users\THOMAS~1\AppData\Local\Temp




Periodic native trim disabled

---------------  S Y S T E M  ---------------

OS:
 Windows 11 , 64 bit Build 22621 (10.0.22621.3958)
OS uptime: 3 days 3:41 hours
Hyper-V role detected

CPU: total 24 (initial active 24) (12 cores per cpu, 2 threads per core) family 6 model 191 stepping 2 microcode 0x2c, cx8, cmov, fxsr, ht, mmx, 3dnowpref, sse, sse2, sse3, ssse3, sse4.1, sse4.2, popcnt, lzcnt, tsc, tscinvbit, avx, avx2, aes, erms, clmul, bmi1, bmi2, adx, sha, fma, vzeroupper, clflush, clflushopt, clwb, hv, serialize, rdtscp, rdpid, fsrm, f16c, cet_ibt, cet_ss
Processor Information for processor 0
  Max Mhz: 2100, Current Mhz: 2100, Mhz Limit: 2100
Processor Information for processor 1
  Max Mhz: 2100, Current Mhz: 2100, Mhz Limit: 2100
Processor Information for processor 2
  Max Mhz: 2100, Current Mhz: 2100, Mhz Limit: 2100
Processor Information for processor 3
  Max Mhz: 2100, Current Mhz: 2100, Mhz Limit: 2100
Processor Information for processor 4
  Max Mhz: 2100, Current Mhz: 2100, Mhz Limit: 2100
Processor Information for processor 5
  Max Mhz: 2100, Current Mhz: 2100, Mhz Limit: 2100
Processor Information for processor 6
  Max Mhz: 2100, Current Mhz: 2100, Mhz Limit: 2100
Processor Information for processor 7
  Max Mhz: 2100, Current Mhz: 2100, Mhz Limit: 2100
Processor Information for processor 8
  Max Mhz: 2100, Current Mhz: 2100, Mhz Limit: 2100
Processor Information for processor 9
  Max Mhz: 2100, Current Mhz: 2100, Mhz Limit: 2100
Processor Information for processor 10
  Max Mhz: 2100, Current Mhz: 2100, Mhz Limit: 2100
Processor Information for processor 11
  Max Mhz: 2100, Current Mhz: 2100, Mhz Limit: 2100
Processor Information for processor 12
  Max Mhz: 2100, Current Mhz: 2100, Mhz Limit: 2100
Processor Information for processor 13
  Max Mhz: 2100, Current Mhz: 2100, Mhz Limit: 2100
Processor Information for processor 14
  Max Mhz: 2100, Current Mhz: 2100, Mhz Limit: 2100
Processor Information for processor 15
  Max Mhz: 2100, Current Mhz: 2100, Mhz Limit: 2100
Processor Information for processor 16
  Max Mhz: 2100, Current Mhz: 1500, Mhz Limit: 1491
Processor Information for processor 17
  Max Mhz: 2100, Current Mhz: 1500, Mhz Limit: 1491
Processor Information for processor 18
  Max Mhz: 2100, Current Mhz: 1500, Mhz Limit: 1491
Processor Information for processor 19
  Max Mhz: 2100, Current Mhz: 1500, Mhz Limit: 1491
Processor Information for processor 20
  Max Mhz: 2100, Current Mhz: 1500, Mhz Limit: 1491
Processor Information for processor 21
  Max Mhz: 2100, Current Mhz: 1500, Mhz Limit: 1491
Processor Information for processor 22
  Max Mhz: 2100, Current Mhz: 1500, Mhz Limit: 1491
Processor Information for processor 23
  Max Mhz: 2100, Current Mhz: 1500, Mhz Limit: 1491

Memory: 4k page, system-wide physical 16103M (627M free)
TotalPageFile size 41703M (AvailPageFile size 10M)
current process WorkingSet (physical memory assigned to process): 262M, peak: 262M
current process commit charge ("private bytes"): 362M, peak: 367M

vm_info: OpenJDK 64-Bit Server VM (21.0.6+7-LTS) for windows-amd64 JRE (21.0.6+7-LTS), built on 2025-01-21T00:00:00Z by "admin" with MS VC++ 17.7 (VS2022)

END.
